{"C:\\Users\\ks639\\OneDrive - Red River College Polytech\\documents\\rrc_polytech\\Term3\\Back_end\\Project\\Student_Management_API\\src\\app.ts": {"path":"C:\\Users\\ks639\\OneDrive - Red River College Polytech\\documents\\rrc_polytech\\Term3\\Back_end\\Project\\Student_Management_API\\src\\app.ts","statementMap":{"0":{"start":{"line":1,"column":0},"end":{"line":1,"column":30}},"1":{"start":{"line":2,"column":0},"end":{"line":2,"column":24}},"2":{"start":{"line":3,"column":0},"end":{"line":3,"column":28}},"3":{"start":{"line":4,"column":0},"end":{"line":4,"column":43}},"4":{"start":{"line":6,"column":0},"end":{"line":6,"column":56}},"5":{"start":{"line":7,"column":0},"end":{"line":7,"column":51}},"6":{"start":{"line":8,"column":0},"end":{"line":8,"column":58}},"7":{"start":{"line":9,"column":0},"end":{"line":9,"column":56}},"8":{"start":{"line":10,"column":0},"end":{"line":10,"column":64}},"9":{"start":{"line":11,"column":0},"end":{"line":11,"column":47}},"10":{"start":{"line":12,"column":0},"end":{"line":12,"column":60}},"11":{"start":{"line":14,"column":12},"end":{"line":14,"column":21}},"12":{"start":{"line":16,"column":0},"end":{"line":16,"column":18}},"13":{"start":{"line":17,"column":0},"end":{"line":17,"column":16}},"14":{"start":{"line":18,"column":0},"end":{"line":18,"column":24}},"15":{"start":{"line":20,"column":0},"end":{"line":20,"column":71}},"16":{"start":{"line":22,"column":0},"end":{"line":22,"column":40}},"17":{"start":{"line":23,"column":0},"end":{"line":23,"column":36}},"18":{"start":{"line":24,"column":0},"end":{"line":24,"column":43}},"19":{"start":{"line":25,"column":0},"end":{"line":25,"column":41}},"20":{"start":{"line":26,"column":0},"end":{"line":26,"column":49}},"21":{"start":{"line":28,"column":0},"end":{"line":33,"column":3}},"22":{"start":{"line":29,"column":2},"end":{"line":32,"column":5}},"23":{"start":{"line":35,"column":0},"end":{"line":35,"column":22}},"24":{"start":{"line":37,"column":0},"end":{"line":37,"column":19}}},"fnMap":{"0":{"name":"(anonymous_1)","decl":{"start":{"line":28,"column":8},"end":{"line":28,"column":9}},"loc":{"start":{"line":28,"column":22},"end":{"line":33,"column":1}}}},"branchMap":{},"s":{"0":5,"1":5,"2":5,"3":5,"4":5,"5":5,"6":5,"7":5,"8":5,"9":5,"10":5,"11":5,"12":5,"13":5,"14":5,"15":5,"16":5,"17":5,"18":5,"19":5,"20":5,"21":5,"22":0,"23":5,"24":5},"f":{"0":0},"b":{}}
,"C:\\Users\\ks639\\OneDrive - Red River College Polytech\\documents\\rrc_polytech\\Term3\\Back_end\\Project\\Student_Management_API\\src\\api\\v1\\controllers\\authController.ts": {"path":"C:\\Users\\ks639\\OneDrive - Red River College Polytech\\documents\\rrc_polytech\\Term3\\Back_end\\Project\\Student_Management_API\\src\\api\\v1\\controllers\\authController.ts","statementMap":{"0":{"start":{"line":2,"column":0},"end":{"line":2,"column":66}},"1":{"start":{"line":4,"column":31},"end":{"line":21,"column":2}},"2":{"start":{"line":4,"column":69},"end":{"line":21,"column":2}},"3":{"start":{"line":5,"column":2},"end":{"line":20,"column":3}},"4":{"start":{"line":6,"column":38},"end":{"line":6,"column":46}},"5":{"start":{"line":8,"column":17},"end":{"line":8,"column":58}},"6":{"start":{"line":10,"column":4},"end":{"line":14,"column":7}},"7":{"start":{"line":16,"column":4},"end":{"line":19,"column":7}},"8":{"start":{"line":4,"column":13},"end":{"line":4,"column":31}},"9":{"start":{"line":23,"column":28},"end":{"line":40,"column":2}},"10":{"start":{"line":23,"column":66},"end":{"line":40,"column":2}},"11":{"start":{"line":24,"column":2},"end":{"line":39,"column":3}},"12":{"start":{"line":25,"column":32},"end":{"line":25,"column":40}},"13":{"start":{"line":27,"column":19},"end":{"line":27,"column":51}},"14":{"start":{"line":29,"column":4},"end":{"line":33,"column":7}},"15":{"start":{"line":35,"column":4},"end":{"line":38,"column":7}},"16":{"start":{"line":23,"column":13},"end":{"line":23,"column":28}}},"fnMap":{"0":{"name":"(anonymous_7)","decl":{"start":{"line":4,"column":31},"end":{"line":4,"column":38}},"loc":{"start":{"line":4,"column":69},"end":{"line":21,"column":2}}},"1":{"name":"(anonymous_8)","decl":{"start":{"line":4,"column":69},"end":{"line":4,"column":null}},"loc":{"start":{"line":4,"column":69},"end":{"line":21,"column":1}}},"2":{"name":"(anonymous_9)","decl":{"start":{"line":23,"column":28},"end":{"line":23,"column":35}},"loc":{"start":{"line":23,"column":66},"end":{"line":40,"column":2}}},"3":{"name":"(anonymous_10)","decl":{"start":{"line":23,"column":66},"end":{"line":23,"column":null}},"loc":{"start":{"line":23,"column":66},"end":{"line":40,"column":1}}}},"branchMap":{"0":{"loc":{"start":{"line":18,"column":15},"end":{"line":18,"column":77}},"type":"cond-expr","locations":[{"start":{"line":18,"column":40},"end":{"line":18,"column":53}},{"start":{"line":18,"column":56},"end":{"line":18,"column":77}}]},"1":{"loc":{"start":{"line":37,"column":15},"end":{"line":37,"column":70}},"type":"cond-expr","locations":[{"start":{"line":37,"column":40},"end":{"line":37,"column":53}},{"start":{"line":37,"column":56},"end":{"line":37,"column":70}}]}},"s":{"0":5,"1":5,"2":2,"3":2,"4":2,"5":2,"6":2,"7":0,"8":5,"9":5,"10":6,"11":6,"12":6,"13":6,"14":3,"15":3,"16":5},"f":{"0":2,"1":2,"2":6,"3":6},"b":{"0":[0,0],"1":[3,0]}}
,"C:\\Users\\ks639\\OneDrive - Red River College Polytech\\documents\\rrc_polytech\\Term3\\Back_end\\Project\\Student_Management_API\\src\\api\\v1\\controllers\\courseController.ts": {"path":"C:\\Users\\ks639\\OneDrive - Red River College Polytech\\documents\\rrc_polytech\\Term3\\Back_end\\Project\\Student_Management_API\\src\\api\\v1\\controllers\\courseController.ts","statementMap":{"0":{"start":{"line":2,"column":0},"end":{"line":2,"column":56}},"1":{"start":{"line":3,"column":0},"end":{"line":3,"column":null}},"2":{"start":{"line":11,"column":0},"end":{"line":11,"column":null}},"3":{"start":{"line":16,"column":33},"end":{"line":24,"column":1}},"4":{"start":{"line":17,"column":18},"end":{"line":17,"column":33}},"5":{"start":{"line":19,"column":2},"end":{"line":23,"column":5}},"6":{"start":{"line":16,"column":13},"end":{"line":16,"column":33}},"7":{"start":{"line":26,"column":36},"end":{"line":44,"column":1}},"8":{"start":{"line":27,"column":16},"end":{"line":27,"column":29}},"9":{"start":{"line":28,"column":13},"end":{"line":28,"column":57}},"10":{"start":{"line":29,"column":17},"end":{"line":29,"column":34}},"11":{"start":{"line":31,"column":2},"end":{"line":37,"column":3}},"12":{"start":{"line":32,"column":4},"end":{"line":35,"column":7}},"13":{"start":{"line":36,"column":4},"end":{"line":36,"column":11}},"14":{"start":{"line":39,"column":2},"end":{"line":43,"column":5}},"15":{"start":{"line":26,"column":13},"end":{"line":26,"column":36}},"16":{"start":{"line":46,"column":35},"end":{"line":78,"column":1}},"17":{"start":{"line":47,"column":26},"end":{"line":47,"column":50}},"18":{"start":{"line":49,"column":2},"end":{"line":55,"column":3}},"19":{"start":{"line":50,"column":4},"end":{"line":53,"column":7}},"20":{"start":{"line":54,"column":4},"end":{"line":54,"column":11}},"21":{"start":{"line":57,"column":2},"end":{"line":77,"column":3}},"22":{"start":{"line":58,"column":30},"end":{"line":63,"column":6}},"23":{"start":{"line":65,"column":19},"end":{"line":65,"column":42}},"24":{"start":{"line":67,"column":4},"end":{"line":71,"column":7}},"25":{"start":{"line":73,"column":4},"end":{"line":76,"column":7}},"26":{"start":{"line":46,"column":13},"end":{"line":46,"column":35}},"27":{"start":{"line":80,"column":35},"end":{"line":108,"column":1}},"28":{"start":{"line":81,"column":16},"end":{"line":81,"column":29}},"29":{"start":{"line":82,"column":13},"end":{"line":82,"column":57}},"30":{"start":{"line":83,"column":26},"end":{"line":83,"column":56}},"31":{"start":{"line":85,"column":2},"end":{"line":91,"column":3}},"32":{"start":{"line":86,"column":4},"end":{"line":89,"column":7}},"33":{"start":{"line":90,"column":4},"end":{"line":90,"column":11}},"34":{"start":{"line":93,"column":17},"end":{"line":93,"column":43}},"35":{"start":{"line":95,"column":2},"end":{"line":101,"column":3}},"36":{"start":{"line":96,"column":4},"end":{"line":99,"column":7}},"37":{"start":{"line":100,"column":4},"end":{"line":100,"column":11}},"38":{"start":{"line":103,"column":2},"end":{"line":107,"column":5}},"39":{"start":{"line":80,"column":13},"end":{"line":80,"column":35}},"40":{"start":{"line":110,"column":35},"end":{"line":127,"column":1}},"41":{"start":{"line":111,"column":16},"end":{"line":111,"column":29}},"42":{"start":{"line":112,"column":13},"end":{"line":112,"column":57}},"43":{"start":{"line":113,"column":18},"end":{"line":113,"column":34}},"44":{"start":{"line":115,"column":2},"end":{"line":121,"column":3}},"45":{"start":{"line":116,"column":4},"end":{"line":119,"column":7}},"46":{"start":{"line":120,"column":4},"end":{"line":120,"column":11}},"47":{"start":{"line":123,"column":2},"end":{"line":126,"column":5}},"48":{"start":{"line":110,"column":13},"end":{"line":110,"column":35}}},"fnMap":{"0":{"name":"(anonymous_0)","decl":{"start":{"line":16,"column":33},"end":{"line":16,"column":34}},"loc":{"start":{"line":16,"column":72},"end":{"line":24,"column":1}}},"1":{"name":"(anonymous_1)","decl":{"start":{"line":26,"column":36},"end":{"line":26,"column":37}},"loc":{"start":{"line":26,"column":74},"end":{"line":44,"column":1}}},"2":{"name":"(anonymous_2)","decl":{"start":{"line":46,"column":35},"end":{"line":46,"column":36}},"loc":{"start":{"line":46,"column":73},"end":{"line":78,"column":1}}},"3":{"name":"(anonymous_3)","decl":{"start":{"line":80,"column":35},"end":{"line":80,"column":36}},"loc":{"start":{"line":80,"column":73},"end":{"line":108,"column":1}}},"4":{"name":"(anonymous_4)","decl":{"start":{"line":110,"column":35},"end":{"line":110,"column":36}},"loc":{"start":{"line":110,"column":73},"end":{"line":127,"column":1}}}},"branchMap":{"0":{"loc":{"start":{"line":28,"column":13},"end":{"line":28,"column":57}},"type":"cond-expr","locations":[{"start":{"line":28,"column":41},"end":{"line":28,"column":46}},{"start":{"line":28,"column":49},"end":{"line":28,"column":57}}]},"1":{"loc":{"start":{"line":31,"column":2},"end":{"line":37,"column":3}},"type":"if","locations":[{"start":{"line":31,"column":2},"end":{"line":37,"column":3}},{"start":{},"end":{}}]},"2":{"loc":{"start":{"line":49,"column":2},"end":{"line":55,"column":3}},"type":"if","locations":[{"start":{"line":49,"column":2},"end":{"line":55,"column":3}},{"start":{},"end":{}}]},"3":{"loc":{"start":{"line":75,"column":15},"end":{"line":75,"column":81}},"type":"cond-expr","locations":[{"start":{"line":75,"column":40},"end":{"line":75,"column":53}},{"start":{"line":75,"column":56},"end":{"line":75,"column":81}}]},"4":{"loc":{"start":{"line":82,"column":13},"end":{"line":82,"column":57}},"type":"cond-expr","locations":[{"start":{"line":82,"column":41},"end":{"line":82,"column":46}},{"start":{"line":82,"column":49},"end":{"line":82,"column":57}}]},"5":{"loc":{"start":{"line":85,"column":2},"end":{"line":91,"column":3}},"type":"if","locations":[{"start":{"line":85,"column":2},"end":{"line":91,"column":3}},{"start":{},"end":{}}]},"6":{"loc":{"start":{"line":95,"column":2},"end":{"line":101,"column":3}},"type":"if","locations":[{"start":{"line":95,"column":2},"end":{"line":101,"column":3}},{"start":{},"end":{}}]},"7":{"loc":{"start":{"line":112,"column":13},"end":{"line":112,"column":57}},"type":"cond-expr","locations":[{"start":{"line":112,"column":41},"end":{"line":112,"column":46}},{"start":{"line":112,"column":49},"end":{"line":112,"column":57}}]},"8":{"loc":{"start":{"line":115,"column":2},"end":{"line":121,"column":3}},"type":"if","locations":[{"start":{"line":115,"column":2},"end":{"line":121,"column":3}},{"start":{},"end":{}}]}},"s":{"0":5,"1":5,"2":5,"3":5,"4":0,"5":0,"6":5,"7":5,"8":0,"9":0,"10":0,"11":0,"12":0,"13":0,"14":0,"15":5,"16":5,"17":0,"18":0,"19":0,"20":0,"21":0,"22":0,"23":0,"24":0,"25":0,"26":5,"27":5,"28":0,"29":0,"30":0,"31":0,"32":0,"33":0,"34":0,"35":0,"36":0,"37":0,"38":0,"39":5,"40":5,"41":0,"42":0,"43":0,"44":0,"45":0,"46":0,"47":0,"48":5},"f":{"0":0,"1":0,"2":0,"3":0,"4":0},"b":{"0":[0,0],"1":[0,0],"2":[0,0],"3":[0,0],"4":[0,0],"5":[0,0],"6":[0,0],"7":[0,0],"8":[0,0]}}
,"C:\\Users\\ks639\\OneDrive - Red River College Polytech\\documents\\rrc_polytech\\Term3\\Back_end\\Project\\Student_Management_API\\src\\api\\v1\\controllers\\enrollmentController.ts": {"path":"C:\\Users\\ks639\\OneDrive - Red River College Polytech\\documents\\rrc_polytech\\Term3\\Back_end\\Project\\Student_Management_API\\src\\api\\v1\\controllers\\enrollmentController.ts","statementMap":{"0":{"start":{"line":2,"column":0},"end":{"line":2,"column":56}},"1":{"start":{"line":3,"column":0},"end":{"line":3,"column":null}},"2":{"start":{"line":10,"column":0},"end":{"line":10,"column":72}},"3":{"start":{"line":12,"column":37},"end":{"line":20,"column":1}},"4":{"start":{"line":13,"column":22},"end":{"line":13,"column":41}},"5":{"start":{"line":15,"column":2},"end":{"line":19,"column":5}},"6":{"start":{"line":12,"column":13},"end":{"line":12,"column":37}},"7":{"start":{"line":22,"column":40},"end":{"line":43,"column":1}},"8":{"start":{"line":26,"column":16},"end":{"line":26,"column":29}},"9":{"start":{"line":27,"column":13},"end":{"line":27,"column":57}},"10":{"start":{"line":28,"column":21},"end":{"line":28,"column":42}},"11":{"start":{"line":30,"column":2},"end":{"line":36,"column":3}},"12":{"start":{"line":31,"column":4},"end":{"line":34,"column":7}},"13":{"start":{"line":35,"column":4},"end":{"line":35,"column":11}},"14":{"start":{"line":38,"column":2},"end":{"line":42,"column":5}},"15":{"start":{"line":22,"column":13},"end":{"line":22,"column":40}},"16":{"start":{"line":45,"column":39},"end":{"line":77,"column":1}},"17":{"start":{"line":46,"column":26},"end":{"line":46,"column":54}},"18":{"start":{"line":48,"column":2},"end":{"line":54,"column":3}},"19":{"start":{"line":49,"column":4},"end":{"line":52,"column":7}},"20":{"start":{"line":53,"column":4},"end":{"line":53,"column":11}},"21":{"start":{"line":56,"column":2},"end":{"line":76,"column":3}},"22":{"start":{"line":57,"column":38},"end":{"line":62,"column":6}},"23":{"start":{"line":64,"column":23},"end":{"line":64,"column":54}},"24":{"start":{"line":66,"column":4},"end":{"line":70,"column":7}},"25":{"start":{"line":72,"column":4},"end":{"line":75,"column":7}},"26":{"start":{"line":45,"column":13},"end":{"line":45,"column":39}},"27":{"start":{"line":79,"column":39},"end":{"line":99,"column":1}},"28":{"start":{"line":83,"column":16},"end":{"line":83,"column":29}},"29":{"start":{"line":84,"column":13},"end":{"line":84,"column":57}},"30":{"start":{"line":85,"column":18},"end":{"line":85,"column":38}},"31":{"start":{"line":87,"column":2},"end":{"line":93,"column":3}},"32":{"start":{"line":88,"column":4},"end":{"line":91,"column":7}},"33":{"start":{"line":92,"column":4},"end":{"line":92,"column":11}},"34":{"start":{"line":95,"column":2},"end":{"line":98,"column":5}},"35":{"start":{"line":79,"column":13},"end":{"line":79,"column":39}}},"fnMap":{"0":{"name":"(anonymous_0)","decl":{"start":{"line":12,"column":37},"end":{"line":12,"column":38}},"loc":{"start":{"line":12,"column":76},"end":{"line":20,"column":1}}},"1":{"name":"(anonymous_1)","decl":{"start":{"line":22,"column":40},"end":{"line":22,"column":null}},"loc":{"start":{"line":25,"column":10},"end":{"line":43,"column":1}}},"2":{"name":"(anonymous_2)","decl":{"start":{"line":45,"column":39},"end":{"line":45,"column":40}},"loc":{"start":{"line":45,"column":77},"end":{"line":77,"column":1}}},"3":{"name":"(anonymous_3)","decl":{"start":{"line":79,"column":39},"end":{"line":79,"column":null}},"loc":{"start":{"line":82,"column":10},"end":{"line":99,"column":1}}}},"branchMap":{"0":{"loc":{"start":{"line":27,"column":13},"end":{"line":27,"column":57}},"type":"cond-expr","locations":[{"start":{"line":27,"column":41},"end":{"line":27,"column":46}},{"start":{"line":27,"column":49},"end":{"line":27,"column":57}}]},"1":{"loc":{"start":{"line":30,"column":2},"end":{"line":36,"column":3}},"type":"if","locations":[{"start":{"line":30,"column":2},"end":{"line":36,"column":3}},{"start":{},"end":{}}]},"2":{"loc":{"start":{"line":48,"column":2},"end":{"line":54,"column":3}},"type":"if","locations":[{"start":{"line":48,"column":2},"end":{"line":54,"column":3}},{"start":{},"end":{}}]},"3":{"loc":{"start":{"line":74,"column":15},"end":{"line":74,"column":85}},"type":"cond-expr","locations":[{"start":{"line":74,"column":40},"end":{"line":74,"column":53}},{"start":{"line":74,"column":56},"end":{"line":74,"column":85}}]},"4":{"loc":{"start":{"line":84,"column":13},"end":{"line":84,"column":57}},"type":"cond-expr","locations":[{"start":{"line":84,"column":41},"end":{"line":84,"column":46}},{"start":{"line":84,"column":49},"end":{"line":84,"column":57}}]},"5":{"loc":{"start":{"line":87,"column":2},"end":{"line":93,"column":3}},"type":"if","locations":[{"start":{"line":87,"column":2},"end":{"line":93,"column":3}},{"start":{},"end":{}}]}},"s":{"0":5,"1":5,"2":5,"3":5,"4":0,"5":0,"6":5,"7":5,"8":0,"9":0,"10":0,"11":0,"12":0,"13":0,"14":0,"15":5,"16":5,"17":0,"18":0,"19":0,"20":0,"21":0,"22":0,"23":0,"24":0,"25":0,"26":5,"27":5,"28":0,"29":0,"30":0,"31":0,"32":0,"33":0,"34":0,"35":5},"f":{"0":0,"1":0,"2":0,"3":0},"b":{"0":[0,0],"1":[0,0],"2":[0,0],"3":[0,0],"4":[0,0],"5":[0,0]}}
,"C:\\Users\\ks639\\OneDrive - Red River College Polytech\\documents\\rrc_polytech\\Term3\\Back_end\\Project\\Student_Management_API\\src\\api\\v1\\controllers\\studentController.ts": {"path":"C:\\Users\\ks639\\OneDrive - Red River College Polytech\\documents\\rrc_polytech\\Term3\\Back_end\\Project\\Student_Management_API\\src\\api\\v1\\controllers\\studentController.ts","statementMap":{"0":{"start":{"line":2,"column":0},"end":{"line":2,"column":56}},"1":{"start":{"line":3,"column":0},"end":{"line":3,"column":null}},"2":{"start":{"line":7,"column":0},"end":{"line":7,"column":null}},"3":{"start":{"line":16,"column":34},"end":{"line":44,"column":2}},"4":{"start":{"line":19,"column":19},"end":{"line":44,"column":2}},"5":{"start":{"line":20,"column":30},"end":{"line":35,"column":4}},"6":{"start":{"line":37,"column":19},"end":{"line":37,"column":46}},"7":{"start":{"line":39,"column":2},"end":{"line":43,"column":5}},"8":{"start":{"line":16,"column":13},"end":{"line":16,"column":34}},"9":{"start":{"line":46,"column":37},"end":{"line":66,"column":2}},"10":{"start":{"line":49,"column":19},"end":{"line":66,"column":2}},"11":{"start":{"line":50,"column":13},"end":{"line":50,"column":34}},"12":{"start":{"line":51,"column":18},"end":{"line":51,"column":42}},"13":{"start":{"line":53,"column":2},"end":{"line":59,"column":3}},"14":{"start":{"line":54,"column":4},"end":{"line":57,"column":7}},"15":{"start":{"line":58,"column":4},"end":{"line":58,"column":11}},"16":{"start":{"line":61,"column":2},"end":{"line":65,"column":5}},"17":{"start":{"line":46,"column":13},"end":{"line":46,"column":37}},"18":{"start":{"line":68,"column":36},"end":{"line":103,"column":2}},"19":{"start":{"line":71,"column":19},"end":{"line":103,"column":2}},"20":{"start":{"line":72,"column":26},"end":{"line":72,"column":51}},"21":{"start":{"line":74,"column":2},"end":{"line":80,"column":3}},"22":{"start":{"line":75,"column":4},"end":{"line":78,"column":7}},"23":{"start":{"line":79,"column":4},"end":{"line":79,"column":11}},"24":{"start":{"line":82,"column":2},"end":{"line":102,"column":3}},"25":{"start":{"line":83,"column":27},"end":{"line":89,"column":6}},"26":{"start":{"line":91,"column":4},"end":{"line":95,"column":7}},"27":{"start":{"line":97,"column":4},"end":{"line":101,"column":7}},"28":{"start":{"line":68,"column":13},"end":{"line":68,"column":36}},"29":{"start":{"line":105,"column":36},"end":{"line":143,"column":2}},"30":{"start":{"line":108,"column":19},"end":{"line":143,"column":2}},"31":{"start":{"line":109,"column":13},"end":{"line":109,"column":34}},"32":{"start":{"line":110,"column":26},"end":{"line":110,"column":57}},"33":{"start":{"line":112,"column":2},"end":{"line":118,"column":3}},"34":{"start":{"line":113,"column":4},"end":{"line":116,"column":7}},"35":{"start":{"line":117,"column":4},"end":{"line":117,"column":11}},"36":{"start":{"line":120,"column":2},"end":{"line":142,"column":3}},"37":{"start":{"line":121,"column":27},"end":{"line":121,"column":60}},"38":{"start":{"line":123,"column":4},"end":{"line":129,"column":5}},"39":{"start":{"line":124,"column":6},"end":{"line":127,"column":9}},"40":{"start":{"line":128,"column":6},"end":{"line":128,"column":13}},"41":{"start":{"line":131,"column":4},"end":{"line":135,"column":7}},"42":{"start":{"line":137,"column":4},"end":{"line":141,"column":7}},"43":{"start":{"line":105,"column":13},"end":{"line":105,"column":36}},"44":{"start":{"line":145,"column":36},"end":{"line":164,"column":2}},"45":{"start":{"line":148,"column":19},"end":{"line":164,"column":2}},"46":{"start":{"line":149,"column":13},"end":{"line":149,"column":34}},"47":{"start":{"line":150,"column":18},"end":{"line":150,"column":41}},"48":{"start":{"line":152,"column":2},"end":{"line":158,"column":3}},"49":{"start":{"line":153,"column":4},"end":{"line":156,"column":7}},"50":{"start":{"line":157,"column":4},"end":{"line":157,"column":11}},"51":{"start":{"line":160,"column":2},"end":{"line":163,"column":5}},"52":{"start":{"line":145,"column":13},"end":{"line":145,"column":36}}},"fnMap":{"0":{"name":"(anonymous_7)","decl":{"start":{"line":16,"column":34},"end":{"line":16,"column":null}},"loc":{"start":{"line":19,"column":19},"end":{"line":44,"column":2}}},"1":{"name":"(anonymous_8)","decl":{"start":{"line":19,"column":19},"end":{"line":19,"column":null}},"loc":{"start":{"line":19,"column":19},"end":{"line":44,"column":1}}},"2":{"name":"(anonymous_9)","decl":{"start":{"line":46,"column":37},"end":{"line":46,"column":null}},"loc":{"start":{"line":49,"column":19},"end":{"line":66,"column":2}}},"3":{"name":"(anonymous_10)","decl":{"start":{"line":49,"column":19},"end":{"line":49,"column":null}},"loc":{"start":{"line":49,"column":19},"end":{"line":66,"column":1}}},"4":{"name":"(anonymous_11)","decl":{"start":{"line":68,"column":36},"end":{"line":68,"column":null}},"loc":{"start":{"line":71,"column":19},"end":{"line":103,"column":2}}},"5":{"name":"(anonymous_12)","decl":{"start":{"line":71,"column":19},"end":{"line":71,"column":null}},"loc":{"start":{"line":71,"column":19},"end":{"line":103,"column":1}}},"6":{"name":"(anonymous_13)","decl":{"start":{"line":105,"column":36},"end":{"line":105,"column":null}},"loc":{"start":{"line":108,"column":19},"end":{"line":143,"column":2}}},"7":{"name":"(anonymous_14)","decl":{"start":{"line":108,"column":19},"end":{"line":108,"column":null}},"loc":{"start":{"line":108,"column":19},"end":{"line":143,"column":1}}},"8":{"name":"(anonymous_15)","decl":{"start":{"line":145,"column":36},"end":{"line":145,"column":null}},"loc":{"start":{"line":148,"column":19},"end":{"line":164,"column":2}}},"9":{"name":"(anonymous_16)","decl":{"start":{"line":148,"column":19},"end":{"line":148,"column":null}},"loc":{"start":{"line":148,"column":19},"end":{"line":164,"column":1}}}},"branchMap":{"0":{"loc":{"start":{"line":22,"column":6},"end":{"line":22,"column":79}},"type":"cond-expr","locations":[{"start":{"line":22,"column":48},"end":{"line":22,"column":67}},{"start":{"line":22,"column":70},"end":{"line":22,"column":79}}]},"1":{"loc":{"start":{"line":24,"column":6},"end":{"line":24,"column":75}},"type":"cond-expr","locations":[{"start":{"line":24,"column":46},"end":{"line":24,"column":63}},{"start":{"line":24,"column":66},"end":{"line":24,"column":75}}]},"2":{"loc":{"start":{"line":26,"column":6},"end":{"line":26,"column":79}},"type":"cond-expr","locations":[{"start":{"line":26,"column":48},"end":{"line":26,"column":67}},{"start":{"line":26,"column":70},"end":{"line":26,"column":79}}]},"3":{"loc":{"start":{"line":28,"column":6},"end":{"line":30,"column":19}},"type":"cond-expr","locations":[{"start":{"line":29,"column":11},"end":{"line":29,"column":54}},{"start":{"line":30,"column":10},"end":{"line":30,"column":19}}]},"4":{"loc":{"start":{"line":32,"column":6},"end":{"line":34,"column":19}},"type":"cond-expr","locations":[{"start":{"line":33,"column":11},"end":{"line":33,"column":52}},{"start":{"line":34,"column":10},"end":{"line":34,"column":19}}]},"5":{"loc":{"start":{"line":53,"column":2},"end":{"line":59,"column":3}},"type":"if","locations":[{"start":{"line":53,"column":2},"end":{"line":59,"column":3}},{"start":{},"end":{}}]},"6":{"loc":{"start":{"line":74,"column":2},"end":{"line":80,"column":3}},"type":"if","locations":[{"start":{"line":74,"column":2},"end":{"line":80,"column":3}},{"start":{},"end":{}}]},"7":{"loc":{"start":{"line":100,"column":8},"end":{"line":100,"column":75}},"type":"cond-expr","locations":[{"start":{"line":100,"column":33},"end":{"line":100,"column":46}},{"start":{"line":100,"column":49},"end":{"line":100,"column":75}}]},"8":{"loc":{"start":{"line":112,"column":2},"end":{"line":118,"column":3}},"type":"if","locations":[{"start":{"line":112,"column":2},"end":{"line":118,"column":3}},{"start":{},"end":{}}]},"9":{"loc":{"start":{"line":123,"column":4},"end":{"line":129,"column":5}},"type":"if","locations":[{"start":{"line":123,"column":4},"end":{"line":129,"column":5}},{"start":{},"end":{}}]},"10":{"loc":{"start":{"line":140,"column":8},"end":{"line":140,"column":75}},"type":"cond-expr","locations":[{"start":{"line":140,"column":33},"end":{"line":140,"column":46}},{"start":{"line":140,"column":49},"end":{"line":140,"column":75}}]},"11":{"loc":{"start":{"line":152,"column":2},"end":{"line":158,"column":3}},"type":"if","locations":[{"start":{"line":152,"column":2},"end":{"line":158,"column":3}},{"start":{},"end":{}}]}},"s":{"0":5,"1":5,"2":5,"3":5,"4":0,"5":0,"6":0,"7":0,"8":5,"9":5,"10":0,"11":0,"12":0,"13":0,"14":0,"15":0,"16":0,"17":5,"18":5,"19":0,"20":0,"21":0,"22":0,"23":0,"24":0,"25":0,"26":0,"27":0,"28":5,"29":5,"30":0,"31":0,"32":0,"33":0,"34":0,"35":0,"36":0,"37":0,"38":0,"39":0,"40":0,"41":0,"42":0,"43":5,"44":5,"45":0,"46":0,"47":0,"48":0,"49":0,"50":0,"51":0,"52":5},"f":{"0":0,"1":0,"2":0,"3":0,"4":0,"5":0,"6":0,"7":0,"8":0,"9":0},"b":{"0":[0,0],"1":[0,0],"2":[0,0],"3":[0,0],"4":[0,0],"5":[0,0],"6":[0,0],"7":[0,0],"8":[0,0],"9":[0,0],"10":[0,0],"11":[0,0]}}
,"C:\\Users\\ks639\\OneDrive - Red River College Polytech\\documents\\rrc_polytech\\Term3\\Back_end\\Project\\Student_Management_API\\src\\api\\v1\\repositories\\courseRepository.ts": {"path":"C:\\Users\\ks639\\OneDrive - Red River College Polytech\\documents\\rrc_polytech\\Term3\\Back_end\\Project\\Student_Management_API\\src\\api\\v1\\repositories\\courseRepository.ts","statementMap":{"0":{"start":{"line":3,"column":24},"end":{"line":3,"column":26}},"1":{"start":{"line":5,"column":30},"end":{"line":5,"column":53}},"2":{"start":{"line":5,"column":46},"end":{"line":5,"column":53}},"3":{"start":{"line":5,"column":13},"end":{"line":5,"column":30}},"4":{"start":{"line":7,"column":30},"end":{"line":8,"column":44}},"5":{"start":{"line":8,"column":2},"end":{"line":8,"column":44}},"6":{"start":{"line":8,"column":27},"end":{"line":8,"column":43}},"7":{"start":{"line":7,"column":13},"end":{"line":7,"column":30}},"8":{"start":{"line":10,"column":25},"end":{"line":13,"column":1}},"9":{"start":{"line":11,"column":2},"end":{"line":11,"column":23}},"10":{"start":{"line":12,"column":2},"end":{"line":12,"column":16}},"11":{"start":{"line":10,"column":13},"end":{"line":10,"column":25}},"12":{"start":{"line":15,"column":32},"end":{"line":27,"column":1}},"13":{"start":{"line":19,"column":17},"end":{"line":19,"column":55}},"14":{"start":{"line":19,"column":40},"end":{"line":19,"column":54}},"15":{"start":{"line":21,"column":2},"end":{"line":23,"column":3}},"16":{"start":{"line":22,"column":4},"end":{"line":22,"column":16}},"17":{"start":{"line":25,"column":2},"end":{"line":25,"column":37}},"18":{"start":{"line":26,"column":2},"end":{"line":26,"column":16}},"19":{"start":{"line":15,"column":13},"end":{"line":15,"column":32}},"20":{"start":{"line":29,"column":28},"end":{"line":33,"column":1}},"21":{"start":{"line":30,"column":25},"end":{"line":30,"column":39}},"22":{"start":{"line":31,"column":2},"end":{"line":31,"column":57}},"23":{"start":{"line":31,"column":39},"end":{"line":31,"column":55}},"24":{"start":{"line":32,"column":2},"end":{"line":32,"column":41}},"25":{"start":{"line":29,"column":13},"end":{"line":29,"column":28}},"26":{"start":{"line":35,"column":28},"end":{"line":37,"column":1}},"27":{"start":{"line":36,"column":2},"end":{"line":36,"column":15}},"28":{"start":{"line":35,"column":13},"end":{"line":35,"column":28}}},"fnMap":{"0":{"name":"(anonymous_0)","decl":{"start":{"line":5,"column":30},"end":{"line":5,"column":43}},"loc":{"start":{"line":5,"column":46},"end":{"line":5,"column":53}}},"1":{"name":"(anonymous_1)","decl":{"start":{"line":7,"column":30},"end":{"line":7,"column":31}},"loc":{"start":{"line":8,"column":2},"end":{"line":8,"column":44}}},"2":{"name":"(anonymous_2)","decl":{"start":{"line":8,"column":15},"end":{"line":8,"column":16}},"loc":{"start":{"line":8,"column":27},"end":{"line":8,"column":43}}},"3":{"name":"(anonymous_3)","decl":{"start":{"line":10,"column":25},"end":{"line":10,"column":26}},"loc":{"start":{"line":10,"column":52},"end":{"line":13,"column":1}}},"4":{"name":"(anonymous_4)","decl":{"start":{"line":15,"column":32},"end":{"line":15,"column":null}},"loc":{"start":{"line":18,"column":19},"end":{"line":27,"column":1}}},"5":{"name":"(anonymous_5)","decl":{"start":{"line":19,"column":30},"end":{"line":19,"column":31}},"loc":{"start":{"line":19,"column":40},"end":{"line":19,"column":54}}},"6":{"name":"(anonymous_6)","decl":{"start":{"line":29,"column":28},"end":{"line":29,"column":29}},"loc":{"start":{"line":29,"column":52},"end":{"line":33,"column":1}}},"7":{"name":"(anonymous_7)","decl":{"start":{"line":31,"column":27},"end":{"line":31,"column":28}},"loc":{"start":{"line":31,"column":39},"end":{"line":31,"column":55}}},"8":{"name":"(anonymous_8)","decl":{"start":{"line":35,"column":28},"end":{"line":35,"column":37}},"loc":{"start":{"line":35,"column":39},"end":{"line":37,"column":1}}}},"branchMap":{"0":{"loc":{"start":{"line":21,"column":2},"end":{"line":23,"column":3}},"type":"if","locations":[{"start":{"line":21,"column":2},"end":{"line":23,"column":3}},{"start":{},"end":{}}]}},"s":{"0":5,"1":5,"2":0,"3":5,"4":5,"5":0,"6":0,"7":5,"8":5,"9":0,"10":0,"11":5,"12":5,"13":0,"14":0,"15":0,"16":0,"17":0,"18":0,"19":5,"20":5,"21":0,"22":0,"23":0,"24":0,"25":5,"26":5,"27":2,"28":5},"f":{"0":0,"1":0,"2":0,"3":0,"4":0,"5":0,"6":0,"7":0,"8":2},"b":{"0":[0,0]}}
,"C:\\Users\\ks639\\OneDrive - Red River College Polytech\\documents\\rrc_polytech\\Term3\\Back_end\\Project\\Student_Management_API\\src\\api\\v1\\repositories\\enrollmentRepository.ts": {"path":"C:\\Users\\ks639\\OneDrive - Red River College Polytech\\documents\\rrc_polytech\\Term3\\Back_end\\Project\\Student_Management_API\\src\\api\\v1\\repositories\\enrollmentRepository.ts","statementMap":{"0":{"start":{"line":3,"column":32},"end":{"line":3,"column":34}},"1":{"start":{"line":5,"column":34},"end":{"line":5,"column":65}},"2":{"start":{"line":5,"column":54},"end":{"line":5,"column":65}},"3":{"start":{"line":5,"column":13},"end":{"line":5,"column":34}},"4":{"start":{"line":7,"column":34},"end":{"line":8,"column":56}},"5":{"start":{"line":8,"column":2},"end":{"line":8,"column":56}},"6":{"start":{"line":8,"column":35},"end":{"line":8,"column":55}},"7":{"start":{"line":7,"column":13},"end":{"line":7,"column":34}},"8":{"start":{"line":10,"column":29},"end":{"line":13,"column":1}},"9":{"start":{"line":11,"column":2},"end":{"line":11,"column":31}},"10":{"start":{"line":12,"column":2},"end":{"line":12,"column":20}},"11":{"start":{"line":10,"column":13},"end":{"line":10,"column":29}},"12":{"start":{"line":15,"column":32},"end":{"line":19,"column":1}},"13":{"start":{"line":16,"column":25},"end":{"line":16,"column":43}},"14":{"start":{"line":17,"column":2},"end":{"line":17,"column":73}},"15":{"start":{"line":17,"column":51},"end":{"line":17,"column":71}},"16":{"start":{"line":18,"column":2},"end":{"line":18,"column":45}},"17":{"start":{"line":15,"column":13},"end":{"line":15,"column":32}},"18":{"start":{"line":21,"column":32},"end":{"line":23,"column":1}},"19":{"start":{"line":22,"column":2},"end":{"line":22,"column":19}},"20":{"start":{"line":21,"column":13},"end":{"line":21,"column":32}}},"fnMap":{"0":{"name":"(anonymous_0)","decl":{"start":{"line":5,"column":34},"end":{"line":5,"column":51}},"loc":{"start":{"line":5,"column":54},"end":{"line":5,"column":65}}},"1":{"name":"(anonymous_1)","decl":{"start":{"line":7,"column":34},"end":{"line":7,"column":35}},"loc":{"start":{"line":8,"column":2},"end":{"line":8,"column":56}}},"2":{"name":"(anonymous_2)","decl":{"start":{"line":8,"column":19},"end":{"line":8,"column":20}},"loc":{"start":{"line":8,"column":35},"end":{"line":8,"column":55}}},"3":{"name":"(anonymous_3)","decl":{"start":{"line":10,"column":29},"end":{"line":10,"column":30}},"loc":{"start":{"line":10,"column":68},"end":{"line":13,"column":1}}},"4":{"name":"(anonymous_4)","decl":{"start":{"line":15,"column":32},"end":{"line":15,"column":33}},"loc":{"start":{"line":15,"column":56},"end":{"line":19,"column":1}}},"5":{"name":"(anonymous_5)","decl":{"start":{"line":17,"column":35},"end":{"line":17,"column":36}},"loc":{"start":{"line":17,"column":51},"end":{"line":17,"column":71}}},"6":{"name":"(anonymous_6)","decl":{"start":{"line":21,"column":32},"end":{"line":21,"column":41}},"loc":{"start":{"line":21,"column":43},"end":{"line":23,"column":1}}}},"branchMap":{},"s":{"0":5,"1":5,"2":0,"3":5,"4":5,"5":0,"6":0,"7":5,"8":5,"9":0,"10":0,"11":5,"12":5,"13":0,"14":0,"15":0,"16":0,"17":5,"18":5,"19":0,"20":5},"f":{"0":0,"1":0,"2":0,"3":0,"4":0,"5":0,"6":0},"b":{}}
,"C:\\Users\\ks639\\OneDrive - Red River College Polytech\\documents\\rrc_polytech\\Term3\\Back_end\\Project\\Student_Management_API\\src\\api\\v1\\repositories\\studentRepository.ts": {"path":"C:\\Users\\ks639\\OneDrive - Red River College Polytech\\documents\\rrc_polytech\\Term3\\Back_end\\Project\\Student_Management_API\\src\\api\\v1\\repositories\\studentRepository.ts","statementMap":{"0":{"start":{"line":1,"column":0},"end":{"line":1,"column":46}},"1":{"start":{"line":4,"column":26},"end":{"line":4,"column":51}},"2":{"start":{"line":6,"column":31},"end":{"line":13,"column":2}},"3":{"start":{"line":6,"column":62},"end":{"line":13,"column":2}},"4":{"start":{"line":7,"column":19},"end":{"line":7,"column":48}},"5":{"start":{"line":9,"column":2},"end":{"line":12,"column":19}},"6":{"start":{"line":9,"column":36},"end":{"line":11,"column":null}},"7":{"start":{"line":6,"column":13},"end":{"line":6,"column":31}},"8":{"start":{"line":15,"column":31},"end":{"line":28,"column":2}},"9":{"start":{"line":17,"column":34},"end":{"line":28,"column":2}},"10":{"start":{"line":18,"column":14},"end":{"line":18,"column":51}},"11":{"start":{"line":20,"column":2},"end":{"line":22,"column":3}},"12":{"start":{"line":21,"column":4},"end":{"line":21,"column":21}},"13":{"start":{"line":24,"column":2},"end":{"line":27,"column":15}},"14":{"start":{"line":15,"column":13},"end":{"line":15,"column":31}},"15":{"start":{"line":30,"column":26},"end":{"line":39,"column":2}},"16":{"start":{"line":32,"column":22},"end":{"line":39,"column":2}},"17":{"start":{"line":33,"column":17},"end":{"line":33,"column":53}},"18":{"start":{"line":35,"column":2},"end":{"line":37,"column":null}},"19":{"start":{"line":30,"column":13},"end":{"line":30,"column":26}},"20":{"start":{"line":41,"column":33},"end":{"line":60,"column":2}},"21":{"start":{"line":44,"column":29},"end":{"line":60,"column":2}},"22":{"start":{"line":45,"column":17},"end":{"line":45,"column":42}},"23":{"start":{"line":46,"column":14},"end":{"line":46,"column":32}},"24":{"start":{"line":48,"column":2},"end":{"line":50,"column":3}},"25":{"start":{"line":49,"column":4},"end":{"line":49,"column":16}},"26":{"start":{"line":52,"column":2},"end":{"line":52,"column":35}},"27":{"start":{"line":54,"column":21},"end":{"line":54,"column":39}},"28":{"start":{"line":56,"column":2},"end":{"line":59,"column":15}},"29":{"start":{"line":41,"column":13},"end":{"line":41,"column":33}},"30":{"start":{"line":62,"column":29},"end":{"line":72,"column":2}},"31":{"start":{"line":62,"column":68},"end":{"line":72,"column":2}},"32":{"start":{"line":63,"column":17},"end":{"line":63,"column":42}},"33":{"start":{"line":64,"column":14},"end":{"line":64,"column":32}},"34":{"start":{"line":66,"column":2},"end":{"line":68,"column":3}},"35":{"start":{"line":67,"column":4},"end":{"line":67,"column":17}},"36":{"start":{"line":70,"column":2},"end":{"line":70,"column":24}},"37":{"start":{"line":71,"column":2},"end":{"line":71,"column":14}},"38":{"start":{"line":62,"column":13},"end":{"line":62,"column":29}},"39":{"start":{"line":74,"column":29},"end":{"line":84,"column":2}},"40":{"start":{"line":74,"column":55},"end":{"line":84,"column":2}},"41":{"start":{"line":75,"column":19},"end":{"line":75,"column":48}},"42":{"start":{"line":77,"column":16},"end":{"line":77,"column":26}},"43":{"start":{"line":79,"column":2},"end":{"line":81,"column":5}},"44":{"start":{"line":80,"column":4},"end":{"line":80,"column":26}},"45":{"start":{"line":83,"column":2},"end":{"line":83,"column":23}},"46":{"start":{"line":74,"column":13},"end":{"line":74,"column":29}}},"fnMap":{"0":{"name":"(anonymous_7)","decl":{"start":{"line":6,"column":31},"end":{"line":6,"column":60}},"loc":{"start":{"line":6,"column":62},"end":{"line":13,"column":2}}},"1":{"name":"(anonymous_8)","decl":{"start":{"line":6,"column":62},"end":{"line":6,"column":null}},"loc":{"start":{"line":6,"column":62},"end":{"line":13,"column":1}}},"2":{"name":"(anonymous_9)","decl":{"start":{"line":9,"column":27},"end":{"line":9,"column":28}},"loc":{"start":{"line":9,"column":36},"end":{"line":11,"column":null}}},"3":{"name":"(anonymous_10)","decl":{"start":{"line":15,"column":31},"end":{"line":15,"column":null}},"loc":{"start":{"line":17,"column":34},"end":{"line":28,"column":2}}},"4":{"name":"(anonymous_11)","decl":{"start":{"line":17,"column":34},"end":{"line":17,"column":null}},"loc":{"start":{"line":17,"column":34},"end":{"line":28,"column":1}}},"5":{"name":"(anonymous_12)","decl":{"start":{"line":30,"column":26},"end":{"line":30,"column":null}},"loc":{"start":{"line":32,"column":22},"end":{"line":39,"column":2}}},"6":{"name":"(anonymous_13)","decl":{"start":{"line":32,"column":22},"end":{"line":32,"column":null}},"loc":{"start":{"line":32,"column":22},"end":{"line":39,"column":1}}},"7":{"name":"(anonymous_14)","decl":{"start":{"line":41,"column":33},"end":{"line":41,"column":null}},"loc":{"start":{"line":44,"column":29},"end":{"line":60,"column":2}}},"8":{"name":"(anonymous_15)","decl":{"start":{"line":44,"column":29},"end":{"line":44,"column":null}},"loc":{"start":{"line":44,"column":29},"end":{"line":60,"column":1}}},"9":{"name":"(anonymous_16)","decl":{"start":{"line":62,"column":29},"end":{"line":62,"column":36}},"loc":{"start":{"line":62,"column":68},"end":{"line":72,"column":2}}},"10":{"name":"(anonymous_17)","decl":{"start":{"line":62,"column":68},"end":{"line":62,"column":null}},"loc":{"start":{"line":62,"column":68},"end":{"line":72,"column":1}}},"11":{"name":"(anonymous_18)","decl":{"start":{"line":74,"column":29},"end":{"line":74,"column":53}},"loc":{"start":{"line":74,"column":55},"end":{"line":84,"column":2}}},"12":{"name":"(anonymous_19)","decl":{"start":{"line":74,"column":55},"end":{"line":74,"column":null}},"loc":{"start":{"line":74,"column":55},"end":{"line":84,"column":1}}},"13":{"name":"(anonymous_20)","decl":{"start":{"line":79,"column":24},"end":{"line":79,"column":25}},"loc":{"start":{"line":79,"column":32},"end":{"line":81,"column":3}}}},"branchMap":{"0":{"loc":{"start":{"line":20,"column":2},"end":{"line":22,"column":3}},"type":"if","locations":[{"start":{"line":20,"column":2},"end":{"line":22,"column":3}},{"start":{},"end":{}}]},"1":{"loc":{"start":{"line":48,"column":2},"end":{"line":50,"column":3}},"type":"if","locations":[{"start":{"line":48,"column":2},"end":{"line":50,"column":3}},{"start":{},"end":{}}]},"2":{"loc":{"start":{"line":66,"column":2},"end":{"line":68,"column":3}},"type":"if","locations":[{"start":{"line":66,"column":2},"end":{"line":68,"column":3}},{"start":{},"end":{}}]}},"s":{"0":5,"1":5,"2":5,"3":0,"4":0,"5":0,"6":0,"7":5,"8":5,"9":0,"10":0,"11":0,"12":0,"13":0,"14":5,"15":5,"16":0,"17":0,"18":0,"19":5,"20":5,"21":0,"22":0,"23":0,"24":0,"25":0,"26":0,"27":0,"28":0,"29":5,"30":5,"31":0,"32":0,"33":0,"34":0,"35":0,"36":0,"37":0,"38":5,"39":5,"40":0,"41":0,"42":0,"43":0,"44":0,"45":0,"46":5},"f":{"0":0,"1":0,"2":0,"3":0,"4":0,"5":0,"6":0,"7":0,"8":0,"9":0,"10":0,"11":0,"12":0,"13":0},"b":{"0":[0,0],"1":[0,0],"2":[0,0]}}
,"C:\\Users\\ks639\\OneDrive - Red River College Polytech\\documents\\rrc_polytech\\Term3\\Back_end\\Project\\Student_Management_API\\src\\api\\v1\\routes\\authRoute.ts": {"path":"C:\\Users\\ks639\\OneDrive - Red River College Polytech\\documents\\rrc_polytech\\Term3\\Back_end\\Project\\Student_Management_API\\src\\api\\v1\\routes\\authRoute.ts","statementMap":{"0":{"start":{"line":1,"column":0},"end":{"line":1,"column":33}},"1":{"start":{"line":2,"column":0},"end":{"line":2,"column":78}},"2":{"start":{"line":4,"column":15},"end":{"line":4,"column":23}},"3":{"start":{"line":20,"column":0},"end":{"line":20,"column":42}},"4":{"start":{"line":29,"column":0},"end":{"line":29,"column":36}},"5":{"start":{"line":31,"column":0},"end":{"line":31,"column":22}}},"fnMap":{},"branchMap":{},"s":{"0":5,"1":5,"2":5,"3":5,"4":5,"5":5},"f":{},"b":{}}
,"C:\\Users\\ks639\\OneDrive - Red River College Polytech\\documents\\rrc_polytech\\Term3\\Back_end\\Project\\Student_Management_API\\src\\api\\v1\\routes\\courseRoutes.ts": {"path":"C:\\Users\\ks639\\OneDrive - Red River College Polytech\\documents\\rrc_polytech\\Term3\\Back_end\\Project\\Student_Management_API\\src\\api\\v1\\routes\\courseRoutes.ts","statementMap":{"0":{"start":{"line":1,"column":0},"end":{"line":1,"column":33}},"1":{"start":{"line":2,"column":0},"end":{"line":2,"column":null}},"2":{"start":{"line":9,"column":0},"end":{"line":9,"column":82}},"3":{"start":{"line":11,"column":15},"end":{"line":11,"column":23}},"4":{"start":{"line":19,"column":0},"end":{"line":19,"column":49}},"5":{"start":{"line":20,"column":0},"end":{"line":20,"column":55}},"6":{"start":{"line":21,"column":0},"end":{"line":21,"column":68}},"7":{"start":{"line":22,"column":0},"end":{"line":22,"column":70}},"8":{"start":{"line":23,"column":0},"end":{"line":23,"column":73}},"9":{"start":{"line":25,"column":0},"end":{"line":25,"column":22}}},"fnMap":{},"branchMap":{},"s":{"0":5,"1":5,"2":5,"3":5,"4":5,"5":5,"6":5,"7":5,"8":5,"9":5},"f":{},"b":{}}
,"C:\\Users\\ks639\\OneDrive - Red River College Polytech\\documents\\rrc_polytech\\Term3\\Back_end\\Project\\Student_Management_API\\src\\api\\v1\\routes\\enrollmentRoutes.ts": {"path":"C:\\Users\\ks639\\OneDrive - Red River College Polytech\\documents\\rrc_polytech\\Term3\\Back_end\\Project\\Student_Management_API\\src\\api\\v1\\routes\\enrollmentRoutes.ts","statementMap":{"0":{"start":{"line":1,"column":0},"end":{"line":1,"column":33}},"1":{"start":{"line":2,"column":0},"end":{"line":2,"column":null}},"2":{"start":{"line":8,"column":0},"end":{"line":8,"column":82}},"3":{"start":{"line":10,"column":15},"end":{"line":10,"column":23}},"4":{"start":{"line":18,"column":0},"end":{"line":18,"column":53}},"5":{"start":{"line":19,"column":0},"end":{"line":19,"column":59}},"6":{"start":{"line":20,"column":0},"end":{"line":20,"column":72}},"7":{"start":{"line":21,"column":0},"end":{"line":21,"column":77}},"8":{"start":{"line":23,"column":0},"end":{"line":23,"column":22}}},"fnMap":{},"branchMap":{},"s":{"0":5,"1":5,"2":5,"3":5,"4":5,"5":5,"6":5,"7":5,"8":5},"f":{},"b":{}}
,"C:\\Users\\ks639\\OneDrive - Red River College Polytech\\documents\\rrc_polytech\\Term3\\Back_end\\Project\\Student_Management_API\\src\\api\\v1\\routes\\healthRoutes.ts": {"path":"C:\\Users\\ks639\\OneDrive - Red River College Polytech\\documents\\rrc_polytech\\Term3\\Back_end\\Project\\Student_Management_API\\src\\api\\v1\\routes\\healthRoutes.ts","statementMap":{"0":{"start":{"line":1,"column":0},"end":{"line":1,"column":52}},"1":{"start":{"line":2,"column":0},"end":{"line":2,"column":56}},"2":{"start":{"line":4,"column":15},"end":{"line":4,"column":23}},"3":{"start":{"line":6,"column":0},"end":{"line":11,"column":3}},"4":{"start":{"line":7,"column":2},"end":{"line":10,"column":5}},"5":{"start":{"line":13,"column":0},"end":{"line":13,"column":22}}},"fnMap":{"0":{"name":"(anonymous_0)","decl":{"start":{"line":6,"column":16},"end":{"line":6,"column":17}},"loc":{"start":{"line":6,"column":49},"end":{"line":11,"column":1}}}},"branchMap":{},"s":{"0":5,"1":5,"2":5,"3":5,"4":1,"5":5},"f":{"0":1},"b":{}}
,"C:\\Users\\ks639\\OneDrive - Red River College Polytech\\documents\\rrc_polytech\\Term3\\Back_end\\Project\\Student_Management_API\\src\\api\\v1\\routes\\studentRoutes.ts": {"path":"C:\\Users\\ks639\\OneDrive - Red River College Polytech\\documents\\rrc_polytech\\Term3\\Back_end\\Project\\Student_Management_API\\src\\api\\v1\\routes\\studentRoutes.ts","statementMap":{"0":{"start":{"line":1,"column":0},"end":{"line":1,"column":33}},"1":{"start":{"line":2,"column":0},"end":{"line":2,"column":null}},"2":{"start":{"line":9,"column":0},"end":{"line":9,"column":82}},"3":{"start":{"line":11,"column":15},"end":{"line":11,"column":23}},"4":{"start":{"line":14,"column":0},"end":{"line":14,"column":50}},"5":{"start":{"line":17,"column":0},"end":{"line":17,"column":56}},"6":{"start":{"line":20,"column":0},"end":{"line":20,"column":69}},"7":{"start":{"line":23,"column":0},"end":{"line":23,"column":71}},"8":{"start":{"line":26,"column":0},"end":{"line":26,"column":74}},"9":{"start":{"line":28,"column":0},"end":{"line":28,"column":22}}},"fnMap":{},"branchMap":{},"s":{"0":5,"1":5,"2":5,"3":5,"4":5,"5":5,"6":5,"7":5,"8":5,"9":5},"f":{},"b":{}}
,"C:\\Users\\ks639\\OneDrive - Red River College Polytech\\documents\\rrc_polytech\\Term3\\Back_end\\Project\\Student_Management_API\\src\\api\\v1\\services\\authService.ts": {"path":"C:\\Users\\ks639\\OneDrive - Red River College Polytech\\documents\\rrc_polytech\\Term3\\Back_end\\Project\\Student_Management_API\\src\\api\\v1\\services\\authService.ts","statementMap":{"0":{"start":{"line":1,"column":0},"end":{"line":1,"column":30}},"1":{"start":{"line":2,"column":0},"end":{"line":2,"column":51}},"2":{"start":{"line":13,"column":20},"end":{"line":20,"column":2}},"3":{"start":{"line":22,"column":28},"end":{"line":49,"column":2}},"4":{"start":{"line":26,"column":4},"end":{"line":49,"column":2}},"5":{"start":{"line":27,"column":23},"end":{"line":27,"column":65}},"6":{"start":{"line":27,"column":44},"end":{"line":27,"column":64}},"7":{"start":{"line":29,"column":2},"end":{"line":31,"column":3}},"8":{"start":{"line":30,"column":4},"end":{"line":30,"column":43}},"9":{"start":{"line":33,"column":25},"end":{"line":33,"column":56}},"10":{"start":{"line":35,"column":24},"end":{"line":40,"column":4}},"11":{"start":{"line":42,"column":2},"end":{"line":42,"column":22}},"12":{"start":{"line":44,"column":2},"end":{"line":48,"column":4}},"13":{"start":{"line":22,"column":13},"end":{"line":22,"column":28}},"14":{"start":{"line":51,"column":25},"end":{"line":74,"column":2}},"15":{"start":{"line":51,"column":67},"end":{"line":74,"column":2}},"16":{"start":{"line":52,"column":15},"end":{"line":52,"column":57}},"17":{"start":{"line":52,"column":36},"end":{"line":52,"column":56}},"18":{"start":{"line":54,"column":2},"end":{"line":56,"column":3}},"19":{"start":{"line":55,"column":4},"end":{"line":55,"column":49}},"20":{"start":{"line":58,"column":18},"end":{"line":58,"column":63}},"21":{"start":{"line":60,"column":2},"end":{"line":62,"column":3}},"22":{"start":{"line":61,"column":4},"end":{"line":61,"column":49}},"23":{"start":{"line":64,"column":16},"end":{"line":68,"column":4}},"24":{"start":{"line":70,"column":2},"end":{"line":73,"column":4}},"25":{"start":{"line":51,"column":13},"end":{"line":51,"column":25}}},"fnMap":{"0":{"name":"(anonymous_8)","decl":{"start":{"line":22,"column":28},"end":{"line":22,"column":null}},"loc":{"start":{"line":26,"column":4},"end":{"line":49,"column":2}}},"1":{"name":"(anonymous_9)","decl":{"start":{"line":26,"column":4},"end":{"line":26,"column":null}},"loc":{"start":{"line":26,"column":4},"end":{"line":49,"column":1}}},"2":{"name":"(anonymous_10)","decl":{"start":{"line":27,"column":34},"end":{"line":27,"column":35}},"loc":{"start":{"line":27,"column":44},"end":{"line":27,"column":64}}},"3":{"name":"(anonymous_11)","decl":{"start":{"line":51,"column":25},"end":{"line":51,"column":32}},"loc":{"start":{"line":51,"column":67},"end":{"line":74,"column":2}}},"4":{"name":"(anonymous_12)","decl":{"start":{"line":51,"column":67},"end":{"line":51,"column":null}},"loc":{"start":{"line":51,"column":67},"end":{"line":74,"column":1}}},"5":{"name":"(anonymous_13)","decl":{"start":{"line":52,"column":26},"end":{"line":52,"column":27}},"loc":{"start":{"line":52,"column":36},"end":{"line":52,"column":56}}}},"branchMap":{"0":{"loc":{"start":{"line":29,"column":2},"end":{"line":31,"column":3}},"type":"if","locations":[{"start":{"line":29,"column":2},"end":{"line":31,"column":3}},{"start":{},"end":{}}]},"1":{"loc":{"start":{"line":54,"column":2},"end":{"line":56,"column":3}},"type":"if","locations":[{"start":{"line":54,"column":2},"end":{"line":56,"column":3}},{"start":{},"end":{}}]},"2":{"loc":{"start":{"line":60,"column":2},"end":{"line":62,"column":3}},"type":"if","locations":[{"start":{"line":60,"column":2},"end":{"line":62,"column":3}},{"start":{},"end":{}}]}},"s":{"0":5,"1":5,"2":5,"3":5,"4":2,"5":2,"6":3,"7":2,"8":0,"9":2,"10":2,"11":2,"12":2,"13":5,"14":5,"15":6,"16":6,"17":6,"18":6,"19":3,"20":3,"21":3,"22":0,"23":3,"24":3,"25":5},"f":{"0":2,"1":2,"2":3,"3":6,"4":6,"5":6},"b":{"0":[0,2],"1":[3,3],"2":[0,3]}}
,"C:\\Users\\ks639\\OneDrive - Red River College Polytech\\documents\\rrc_polytech\\Term3\\Back_end\\Project\\Student_Management_API\\src\\api\\v1\\services\\courseServices.ts": {"path":"C:\\Users\\ks639\\OneDrive - Red River College Polytech\\documents\\rrc_polytech\\Term3\\Back_end\\Project\\Student_Management_API\\src\\api\\v1\\services\\courseServices.ts","statementMap":{"0":{"start":{"line":2,"column":0},"end":{"line":2,"column":null}},"1":{"start":{"line":11,"column":29},"end":{"line":11,"column":61}},"2":{"start":{"line":11,"column":45},"end":{"line":11,"column":61}},"3":{"start":{"line":11,"column":13},"end":{"line":11,"column":29}},"4":{"start":{"line":13,"column":29},"end":{"line":14,"column":20}},"5":{"start":{"line":14,"column":2},"end":{"line":14,"column":20}},"6":{"start":{"line":13,"column":13},"end":{"line":13,"column":29}},"7":{"start":{"line":16,"column":28},"end":{"line":26,"column":1}},"8":{"start":{"line":17,"column":25},"end":{"line":18,"column":null}},"9":{"start":{"line":18,"column":14},"end":{"line":18,"column":67}},"10":{"start":{"line":21,"column":2},"end":{"line":23,"column":3}},"11":{"start":{"line":22,"column":4},"end":{"line":22,"column":60}},"12":{"start":{"line":25,"column":2},"end":{"line":25,"column":27}},"13":{"start":{"line":16,"column":13},"end":{"line":16,"column":28}},"14":{"start":{"line":28,"column":28},"end":{"line":33,"column":1}},"15":{"start":{"line":32,"column":2},"end":{"line":32,"column":43}},"16":{"start":{"line":28,"column":13},"end":{"line":28,"column":28}},"17":{"start":{"line":35,"column":28},"end":{"line":35,"column":69}},"18":{"start":{"line":35,"column":53},"end":{"line":35,"column":69}},"19":{"start":{"line":35,"column":13},"end":{"line":35,"column":28}},"20":{"start":{"line":37,"column":28},"end":{"line":37,"column":54}},"21":{"start":{"line":37,"column":40},"end":{"line":37,"column":54}},"22":{"start":{"line":37,"column":13},"end":{"line":37,"column":28}}},"fnMap":{"0":{"name":"(anonymous_0)","decl":{"start":{"line":11,"column":29},"end":{"line":11,"column":42}},"loc":{"start":{"line":11,"column":45},"end":{"line":11,"column":61}}},"1":{"name":"(anonymous_1)","decl":{"start":{"line":13,"column":29},"end":{"line":13,"column":30}},"loc":{"start":{"line":14,"column":2},"end":{"line":14,"column":20}}},"2":{"name":"(anonymous_2)","decl":{"start":{"line":16,"column":28},"end":{"line":16,"column":29}},"loc":{"start":{"line":16,"column":55},"end":{"line":26,"column":1}}},"3":{"name":"(anonymous_3)","decl":{"start":{"line":18,"column":4},"end":{"line":18,"column":5}},"loc":{"start":{"line":18,"column":14},"end":{"line":18,"column":67}}},"4":{"name":"(anonymous_4)","decl":{"start":{"line":28,"column":28},"end":{"line":28,"column":null}},"loc":{"start":{"line":31,"column":19},"end":{"line":33,"column":1}}},"5":{"name":"(anonymous_5)","decl":{"start":{"line":35,"column":28},"end":{"line":35,"column":29}},"loc":{"start":{"line":35,"column":53},"end":{"line":35,"column":69}}},"6":{"name":"(anonymous_6)","decl":{"start":{"line":37,"column":28},"end":{"line":37,"column":37}},"loc":{"start":{"line":37,"column":40},"end":{"line":37,"column":54}}}},"branchMap":{"0":{"loc":{"start":{"line":21,"column":2},"end":{"line":23,"column":3}},"type":"if","locations":[{"start":{"line":21,"column":2},"end":{"line":23,"column":3}},{"start":{},"end":{}}]}},"s":{"0":5,"1":5,"2":0,"3":5,"4":5,"5":0,"6":5,"7":5,"8":0,"9":0,"10":0,"11":0,"12":0,"13":5,"14":5,"15":0,"16":5,"17":5,"18":0,"19":5,"20":5,"21":2,"22":5},"f":{"0":0,"1":0,"2":0,"3":0,"4":0,"5":0,"6":2},"b":{"0":[0,0]}}
,"C:\\Users\\ks639\\OneDrive - Red River College Polytech\\documents\\rrc_polytech\\Term3\\Back_end\\Project\\Student_Management_API\\src\\api\\v1\\services\\enrollmentService.ts": {"path":"C:\\Users\\ks639\\OneDrive - Red River College Polytech\\documents\\rrc_polytech\\Term3\\Back_end\\Project\\Student_Management_API\\src\\api\\v1\\services\\enrollmentService.ts","statementMap":{"0":{"start":{"line":2,"column":0},"end":{"line":2,"column":null}},"1":{"start":{"line":9,"column":0},"end":{"line":9,"column":68}},"2":{"start":{"line":10,"column":0},"end":{"line":10,"column":66}},"3":{"start":{"line":12,"column":33},"end":{"line":12,"column":73}},"4":{"start":{"line":12,"column":53},"end":{"line":12,"column":73}},"5":{"start":{"line":12,"column":13},"end":{"line":12,"column":33}},"6":{"start":{"line":14,"column":33},"end":{"line":15,"column":24}},"7":{"start":{"line":15,"column":2},"end":{"line":15,"column":24}},"8":{"start":{"line":14,"column":13},"end":{"line":14,"column":33}},"9":{"start":{"line":17,"column":32},"end":{"line":30,"column":1}},"10":{"start":{"line":18,"column":24},"end":{"line":18,"column":61}},"11":{"start":{"line":19,"column":23},"end":{"line":19,"column":58}},"12":{"start":{"line":21,"column":2},"end":{"line":23,"column":3}},"13":{"start":{"line":22,"column":4},"end":{"line":22,"column":41}},"14":{"start":{"line":25,"column":2},"end":{"line":27,"column":3}},"15":{"start":{"line":26,"column":4},"end":{"line":26,"column":40}},"16":{"start":{"line":29,"column":2},"end":{"line":29,"column":35}},"17":{"start":{"line":17,"column":13},"end":{"line":17,"column":32}},"18":{"start":{"line":32,"column":32},"end":{"line":32,"column":77}},"19":{"start":{"line":32,"column":57},"end":{"line":32,"column":77}},"20":{"start":{"line":32,"column":13},"end":{"line":32,"column":32}},"21":{"start":{"line":34,"column":32},"end":{"line":34,"column":62}},"22":{"start":{"line":34,"column":44},"end":{"line":34,"column":62}},"23":{"start":{"line":34,"column":13},"end":{"line":34,"column":32}}},"fnMap":{"0":{"name":"(anonymous_0)","decl":{"start":{"line":12,"column":33},"end":{"line":12,"column":50}},"loc":{"start":{"line":12,"column":53},"end":{"line":12,"column":73}}},"1":{"name":"(anonymous_1)","decl":{"start":{"line":14,"column":33},"end":{"line":14,"column":34}},"loc":{"start":{"line":15,"column":2},"end":{"line":15,"column":24}}},"2":{"name":"(anonymous_2)","decl":{"start":{"line":17,"column":32},"end":{"line":17,"column":33}},"loc":{"start":{"line":17,"column":71},"end":{"line":30,"column":1}}},"3":{"name":"(anonymous_3)","decl":{"start":{"line":32,"column":32},"end":{"line":32,"column":33}},"loc":{"start":{"line":32,"column":57},"end":{"line":32,"column":77}}},"4":{"name":"(anonymous_4)","decl":{"start":{"line":34,"column":32},"end":{"line":34,"column":41}},"loc":{"start":{"line":34,"column":44},"end":{"line":34,"column":62}}}},"branchMap":{"0":{"loc":{"start":{"line":21,"column":2},"end":{"line":23,"column":3}},"type":"if","locations":[{"start":{"line":21,"column":2},"end":{"line":23,"column":3}},{"start":{},"end":{}}]},"1":{"loc":{"start":{"line":25,"column":2},"end":{"line":27,"column":3}},"type":"if","locations":[{"start":{"line":25,"column":2},"end":{"line":27,"column":3}},{"start":{},"end":{}}]}},"s":{"0":5,"1":5,"2":5,"3":5,"4":0,"5":5,"6":5,"7":0,"8":5,"9":5,"10":0,"11":0,"12":0,"13":0,"14":0,"15":0,"16":0,"17":5,"18":5,"19":0,"20":5,"21":5,"22":0,"23":5},"f":{"0":0,"1":0,"2":0,"3":0,"4":0},"b":{"0":[0,0],"1":[0,0]}}
,"C:\\Users\\ks639\\OneDrive - Red River College Polytech\\documents\\rrc_polytech\\Term3\\Back_end\\Project\\Student_Management_API\\src\\api\\v1\\services\\studentServices.ts": {"path":"C:\\Users\\ks639\\OneDrive - Red River College Polytech\\documents\\rrc_polytech\\Term3\\Back_end\\Project\\Student_Management_API\\src\\api\\v1\\services\\studentServices.ts","statementMap":{"0":{"start":{"line":2,"column":0},"end":{"line":2,"column":null}},"1":{"start":{"line":11,"column":30},"end":{"line":51,"column":2}},"2":{"start":{"line":13,"column":24},"end":{"line":51,"column":2}},"3":{"start":{"line":14,"column":15},"end":{"line":14,"column":45}},"4":{"start":{"line":16,"column":2},"end":{"line":21,"column":3}},"5":{"start":{"line":17,"column":22},"end":{"line":17,"column":51}},"6":{"start":{"line":18,"column":4},"end":{"line":20,"column":6}},"7":{"start":{"line":19,"column":6},"end":{"line":19,"column":57}},"8":{"start":{"line":23,"column":2},"end":{"line":28,"column":3}},"9":{"start":{"line":24,"column":20},"end":{"line":24,"column":47}},"10":{"start":{"line":25,"column":4},"end":{"line":27,"column":6}},"11":{"start":{"line":26,"column":6},"end":{"line":26,"column":53}},"12":{"start":{"line":30,"column":2},"end":{"line":34,"column":3}},"13":{"start":{"line":31,"column":4},"end":{"line":33,"column":6}},"14":{"start":{"line":32,"column":19},"end":{"line":32,"column":64}},"15":{"start":{"line":36,"column":2},"end":{"line":48,"column":3}},"16":{"start":{"line":37,"column":22},"end":{"line":37,"column":34}},"17":{"start":{"line":38,"column":22},"end":{"line":38,"column":53}},"18":{"start":{"line":40,"column":4},"end":{"line":47,"column":7}},"19":{"start":{"line":41,"column":21},"end":{"line":41,"column":33}},"20":{"start":{"line":42,"column":21},"end":{"line":42,"column":33}},"21":{"start":{"line":44,"column":6},"end":{"line":44,"column":49}},"22":{"start":{"line":44,"column":27},"end":{"line":44,"column":49}},"23":{"start":{"line":45,"column":6},"end":{"line":45,"column":48}},"24":{"start":{"line":45,"column":27},"end":{"line":45,"column":48}},"25":{"start":{"line":46,"column":6},"end":{"line":46,"column":15}},"26":{"start":{"line":50,"column":2},"end":{"line":50,"column":16}},"27":{"start":{"line":11,"column":13},"end":{"line":11,"column":30}},"28":{"start":{"line":53,"column":30},"end":{"line":57,"column":2}},"29":{"start":{"line":55,"column":34},"end":{"line":57,"column":2}},"30":{"start":{"line":56,"column":2},"end":{"line":56,"column":29}},"31":{"start":{"line":53,"column":13},"end":{"line":53,"column":30}},"32":{"start":{"line":59,"column":29},"end":{"line":72,"column":2}},"33":{"start":{"line":61,"column":22},"end":{"line":72,"column":2}},"34":{"start":{"line":62,"column":26},"end":{"line":64,"column":null}},"35":{"start":{"line":64,"column":6},"end":{"line":64,"column":66}},"36":{"start":{"line":67,"column":2},"end":{"line":69,"column":3}},"37":{"start":{"line":68,"column":4},"end":{"line":68,"column":62}},"38":{"start":{"line":71,"column":2},"end":{"line":71,"column":29}},"39":{"start":{"line":59,"column":13},"end":{"line":59,"column":29}},"40":{"start":{"line":74,"column":29},"end":{"line":97,"column":2}},"41":{"start":{"line":77,"column":29},"end":{"line":97,"column":2}},"42":{"start":{"line":78,"column":18},"end":{"line":78,"column":43}},"43":{"start":{"line":80,"column":2},"end":{"line":82,"column":3}},"44":{"start":{"line":81,"column":4},"end":{"line":81,"column":16}},"45":{"start":{"line":84,"column":2},"end":{"line":94,"column":3}},"46":{"start":{"line":85,"column":25},"end":{"line":85,"column":56}},"47":{"start":{"line":87,"column":24},"end":{"line":88,"column":null}},"48":{"start":{"line":88,"column":22},"end":{"line":88,"column":75}},"49":{"start":{"line":91,"column":4},"end":{"line":93,"column":5}},"50":{"start":{"line":92,"column":6},"end":{"line":92,"column":64}},"51":{"start":{"line":96,"column":2},"end":{"line":96,"column":44}},"52":{"start":{"line":74,"column":13},"end":{"line":74,"column":29}},"53":{"start":{"line":99,"column":29},"end":{"line":101,"column":2}},"54":{"start":{"line":99,"column":68},"end":{"line":101,"column":2}},"55":{"start":{"line":100,"column":2},"end":{"line":100,"column":27}},"56":{"start":{"line":99,"column":13},"end":{"line":99,"column":29}},"57":{"start":{"line":103,"column":29},"end":{"line":105,"column":2}},"58":{"start":{"line":103,"column":55},"end":{"line":105,"column":2}},"59":{"start":{"line":104,"column":2},"end":{"line":104,"column":24}},"60":{"start":{"line":103,"column":13},"end":{"line":103,"column":29}}},"fnMap":{"0":{"name":"(anonymous_7)","decl":{"start":{"line":11,"column":30},"end":{"line":11,"column":null}},"loc":{"start":{"line":13,"column":24},"end":{"line":51,"column":2}}},"1":{"name":"(anonymous_8)","decl":{"start":{"line":13,"column":24},"end":{"line":13,"column":null}},"loc":{"start":{"line":13,"column":24},"end":{"line":51,"column":1}}},"2":{"name":"(anonymous_9)","decl":{"start":{"line":18,"column":27},"end":{"line":18,"column":28}},"loc":{"start":{"line":19,"column":6},"end":{"line":19,"column":57}}},"3":{"name":"(anonymous_10)","decl":{"start":{"line":25,"column":27},"end":{"line":25,"column":28}},"loc":{"start":{"line":26,"column":6},"end":{"line":26,"column":53}}},"4":{"name":"(anonymous_11)","decl":{"start":{"line":32,"column":6},"end":{"line":32,"column":7}},"loc":{"start":{"line":32,"column":19},"end":{"line":32,"column":64}}},"5":{"name":"(anonymous_12)","decl":{"start":{"line":40,"column":16},"end":{"line":40,"column":17}},"loc":{"start":{"line":40,"column":25},"end":{"line":47,"column":5}}},"6":{"name":"(anonymous_13)","decl":{"start":{"line":53,"column":30},"end":{"line":53,"column":null}},"loc":{"start":{"line":55,"column":34},"end":{"line":57,"column":2}}},"7":{"name":"(anonymous_14)","decl":{"start":{"line":55,"column":34},"end":{"line":55,"column":null}},"loc":{"start":{"line":55,"column":34},"end":{"line":57,"column":1}}},"8":{"name":"(anonymous_15)","decl":{"start":{"line":59,"column":29},"end":{"line":59,"column":null}},"loc":{"start":{"line":61,"column":22},"end":{"line":72,"column":2}}},"9":{"name":"(anonymous_16)","decl":{"start":{"line":61,"column":22},"end":{"line":61,"column":null}},"loc":{"start":{"line":61,"column":22},"end":{"line":72,"column":1}}},"10":{"name":"(anonymous_17)","decl":{"start":{"line":63,"column":4},"end":{"line":63,"column":5}},"loc":{"start":{"line":64,"column":6},"end":{"line":64,"column":66}}},"11":{"name":"(anonymous_18)","decl":{"start":{"line":74,"column":29},"end":{"line":74,"column":null}},"loc":{"start":{"line":77,"column":29},"end":{"line":97,"column":2}}},"12":{"name":"(anonymous_19)","decl":{"start":{"line":77,"column":29},"end":{"line":77,"column":null}},"loc":{"start":{"line":77,"column":29},"end":{"line":97,"column":1}}},"13":{"name":"(anonymous_20)","decl":{"start":{"line":88,"column":6},"end":{"line":88,"column":7}},"loc":{"start":{"line":88,"column":22},"end":{"line":88,"column":75}}},"14":{"name":"(anonymous_21)","decl":{"start":{"line":99,"column":29},"end":{"line":99,"column":36}},"loc":{"start":{"line":99,"column":68},"end":{"line":101,"column":2}}},"15":{"name":"(anonymous_22)","decl":{"start":{"line":99,"column":68},"end":{"line":99,"column":null}},"loc":{"start":{"line":99,"column":68},"end":{"line":101,"column":1}}},"16":{"name":"(anonymous_23)","decl":{"start":{"line":103,"column":29},"end":{"line":103,"column":53}},"loc":{"start":{"line":103,"column":55},"end":{"line":105,"column":2}}},"17":{"name":"(anonymous_24)","decl":{"start":{"line":103,"column":55},"end":{"line":103,"column":null}},"loc":{"start":{"line":103,"column":55},"end":{"line":105,"column":1}}}},"branchMap":{"0":{"loc":{"start":{"line":16,"column":2},"end":{"line":21,"column":3}},"type":"if","locations":[{"start":{"line":16,"column":2},"end":{"line":21,"column":3}},{"start":{},"end":{}}]},"1":{"loc":{"start":{"line":16,"column":6},"end":{"line":16,"column":22}},"type":"cond-expr","locations":[{"start":{"line":16,"column":11},"end":{"line":16,"column":13}},{"start":{"line":16,"column":6},"end":{"line":16,"column":22}}]},"2":{"loc":{"start":{"line":16,"column":6},"end":{"line":16,"column":13}},"type":"binary-expr","locations":[{"start":{"line":16,"column":6},"end":{"line":16,"column":13}},{"start":{"line":16,"column":6},"end":{"line":16,"column":13}}]},"3":{"loc":{"start":{"line":23,"column":2},"end":{"line":28,"column":3}},"type":"if","locations":[{"start":{"line":23,"column":2},"end":{"line":28,"column":3}},{"start":{},"end":{}}]},"4":{"loc":{"start":{"line":23,"column":6},"end":{"line":23,"column":20}},"type":"cond-expr","locations":[{"start":{"line":23,"column":11},"end":{"line":23,"column":13}},{"start":{"line":23,"column":6},"end":{"line":23,"column":20}}]},"5":{"loc":{"start":{"line":23,"column":6},"end":{"line":23,"column":13}},"type":"binary-expr","locations":[{"start":{"line":23,"column":6},"end":{"line":23,"column":13}},{"start":{"line":23,"column":6},"end":{"line":23,"column":13}}]},"6":{"loc":{"start":{"line":30,"column":2},"end":{"line":34,"column":3}},"type":"if","locations":[{"start":{"line":30,"column":2},"end":{"line":34,"column":3}},{"start":{},"end":{}}]},"7":{"loc":{"start":{"line":30,"column":6},"end":{"line":30,"column":22}},"type":"cond-expr","locations":[{"start":{"line":30,"column":11},"end":{"line":30,"column":13}},{"start":{"line":30,"column":6},"end":{"line":30,"column":22}}]},"8":{"loc":{"start":{"line":30,"column":6},"end":{"line":30,"column":13}},"type":"binary-expr","locations":[{"start":{"line":30,"column":6},"end":{"line":30,"column":13}},{"start":{"line":30,"column":6},"end":{"line":30,"column":13}}]},"9":{"loc":{"start":{"line":36,"column":2},"end":{"line":48,"column":3}},"type":"if","locations":[{"start":{"line":36,"column":2},"end":{"line":48,"column":3}},{"start":{},"end":{}}]},"10":{"loc":{"start":{"line":36,"column":6},"end":{"line":36,"column":19}},"type":"cond-expr","locations":[{"start":{"line":36,"column":11},"end":{"line":36,"column":13}},{"start":{"line":36,"column":6},"end":{"line":36,"column":19}}]},"11":{"loc":{"start":{"line":36,"column":6},"end":{"line":36,"column":13}},"type":"binary-expr","locations":[{"start":{"line":36,"column":6},"end":{"line":36,"column":13}},{"start":{"line":36,"column":6},"end":{"line":36,"column":13}}]},"12":{"loc":{"start":{"line":38,"column":22},"end":{"line":38,"column":53}},"type":"cond-expr","locations":[{"start":{"line":38,"column":47},"end":{"line":38,"column":49}},{"start":{"line":38,"column":52},"end":{"line":38,"column":53}}]},"13":{"loc":{"start":{"line":44,"column":6},"end":{"line":44,"column":49}},"type":"if","locations":[{"start":{"line":44,"column":6},"end":{"line":44,"column":49}},{"start":{},"end":{}}]},"14":{"loc":{"start":{"line":45,"column":6},"end":{"line":45,"column":48}},"type":"if","locations":[{"start":{"line":45,"column":6},"end":{"line":45,"column":48}},{"start":{},"end":{}}]},"15":{"loc":{"start":{"line":67,"column":2},"end":{"line":69,"column":3}},"type":"if","locations":[{"start":{"line":67,"column":2},"end":{"line":69,"column":3}},{"start":{},"end":{}}]},"16":{"loc":{"start":{"line":80,"column":2},"end":{"line":82,"column":3}},"type":"if","locations":[{"start":{"line":80,"column":2},"end":{"line":82,"column":3}},{"start":{},"end":{}}]},"17":{"loc":{"start":{"line":84,"column":2},"end":{"line":94,"column":3}},"type":"if","locations":[{"start":{"line":84,"column":2},"end":{"line":94,"column":3}},{"start":{},"end":{}}]},"18":{"loc":{"start":{"line":88,"column":22},"end":{"line":88,"column":75}},"type":"binary-expr","locations":[{"start":{"line":88,"column":22},"end":{"line":88,"column":33}},{"start":{"line":88,"column":37},"end":{"line":88,"column":75}}]},"19":{"loc":{"start":{"line":91,"column":4},"end":{"line":93,"column":5}},"type":"if","locations":[{"start":{"line":91,"column":4},"end":{"line":93,"column":5}},{"start":{},"end":{}}]}},"s":{"0":5,"1":5,"2":0,"3":0,"4":0,"5":0,"6":0,"7":0,"8":0,"9":0,"10":0,"11":0,"12":0,"13":0,"14":0,"15":0,"16":0,"17":0,"18":0,"19":0,"20":0,"21":0,"22":0,"23":0,"24":0,"25":0,"26":0,"27":5,"28":5,"29":0,"30":0,"31":5,"32":5,"33":0,"34":0,"35":0,"36":0,"37":0,"38":0,"39":5,"40":5,"41":0,"42":0,"43":0,"44":0,"45":0,"46":0,"47":0,"48":0,"49":0,"50":0,"51":0,"52":5,"53":5,"54":0,"55":0,"56":5,"57":5,"58":0,"59":0,"60":5},"f":{"0":0,"1":0,"2":0,"3":0,"4":0,"5":0,"6":0,"7":0,"8":0,"9":0,"10":0,"11":0,"12":0,"13":0,"14":0,"15":0,"16":0,"17":0},"b":{"0":[0,0],"1":[0,0],"2":[0,0],"3":[0,0],"4":[0,0],"5":[0,0],"6":[0,0],"7":[0,0],"8":[0,0],"9":[0,0],"10":[0,0],"11":[0,0],"12":[0,0],"13":[0,0],"14":[0,0],"15":[0,0],"16":[0,0],"17":[0,0],"18":[0,0],"19":[0,0]}}
,"C:\\Users\\ks639\\OneDrive - Red River College Polytech\\documents\\rrc_polytech\\Term3\\Back_end\\Project\\Student_Management_API\\src\\api\\v1\\validation\\courseValidation.ts": {"path":"C:\\Users\\ks639\\OneDrive - Red River College Polytech\\documents\\rrc_polytech\\Term3\\Back_end\\Project\\Student_Management_API\\src\\api\\v1\\validation\\courseValidation.ts","statementMap":{"0":{"start":{"line":1,"column":0},"end":{"line":1,"column":22}},"1":{"start":{"line":3,"column":21},"end":{"line":7,"column":2}},"2":{"start":{"line":9,"column":27},"end":{"line":13,"column":9}},"3":{"start":{"line":15,"column":30},"end":{"line":18,"column":1}},"4":{"start":{"line":16,"column":20},"end":{"line":16,"column":47}},"5":{"start":{"line":17,"column":2},"end":{"line":17,"column":49}},"6":{"start":{"line":15,"column":13},"end":{"line":15,"column":30}},"7":{"start":{"line":20,"column":36},"end":{"line":23,"column":1}},"8":{"start":{"line":21,"column":20},"end":{"line":21,"column":53}},"9":{"start":{"line":22,"column":2},"end":{"line":22,"column":49}},"10":{"start":{"line":20,"column":13},"end":{"line":20,"column":36}}},"fnMap":{"0":{"name":"(anonymous_1)","decl":{"start":{"line":15,"column":30},"end":{"line":15,"column":31}},"loc":{"start":{"line":15,"column":63},"end":{"line":18,"column":1}}},"1":{"name":"(anonymous_2)","decl":{"start":{"line":20,"column":36},"end":{"line":20,"column":37}},"loc":{"start":{"line":20,"column":69},"end":{"line":23,"column":1}}}},"branchMap":{"0":{"loc":{"start":{"line":17,"column":9},"end":{"line":17,"column":48}},"type":"cond-expr","locations":[{"start":{"line":17,"column":17},"end":{"line":17,"column":41}},{"start":{"line":17,"column":44},"end":{"line":17,"column":48}}]},"1":{"loc":{"start":{"line":22,"column":9},"end":{"line":22,"column":48}},"type":"cond-expr","locations":[{"start":{"line":22,"column":17},"end":{"line":22,"column":41}},{"start":{"line":22,"column":44},"end":{"line":22,"column":48}}]}},"s":{"0":5,"1":5,"2":5,"3":5,"4":0,"5":0,"6":5,"7":5,"8":0,"9":0,"10":5},"f":{"0":0,"1":0},"b":{"0":[0,0],"1":[0,0]}}
,"C:\\Users\\ks639\\OneDrive - Red River College Polytech\\documents\\rrc_polytech\\Term3\\Back_end\\Project\\Student_Management_API\\src\\api\\v1\\validation\\enrollmentValidation.ts": {"path":"C:\\Users\\ks639\\OneDrive - Red River College Polytech\\documents\\rrc_polytech\\Term3\\Back_end\\Project\\Student_Management_API\\src\\api\\v1\\validation\\enrollmentValidation.ts","statementMap":{"0":{"start":{"line":1,"column":0},"end":{"line":1,"column":22}},"1":{"start":{"line":3,"column":25},"end":{"line":7,"column":2}},"2":{"start":{"line":9,"column":34},"end":{"line":12,"column":1}},"3":{"start":{"line":10,"column":20},"end":{"line":10,"column":51}},"4":{"start":{"line":11,"column":2},"end":{"line":11,"column":49}},"5":{"start":{"line":9,"column":13},"end":{"line":9,"column":34}}},"fnMap":{"0":{"name":"(anonymous_1)","decl":{"start":{"line":9,"column":34},"end":{"line":9,"column":35}},"loc":{"start":{"line":9,"column":67},"end":{"line":12,"column":1}}}},"branchMap":{"0":{"loc":{"start":{"line":11,"column":9},"end":{"line":11,"column":48}},"type":"cond-expr","locations":[{"start":{"line":11,"column":17},"end":{"line":11,"column":41}},{"start":{"line":11,"column":44},"end":{"line":11,"column":48}}]}},"s":{"0":5,"1":5,"2":5,"3":0,"4":0,"5":5},"f":{"0":0},"b":{"0":[0,0]}}
,"C:\\Users\\ks639\\OneDrive - Red River College Polytech\\documents\\rrc_polytech\\Term3\\Back_end\\Project\\Student_Management_API\\src\\api\\v1\\validation\\studentValidation.ts": {"path":"C:\\Users\\ks639\\OneDrive - Red River College Polytech\\documents\\rrc_polytech\\Term3\\Back_end\\Project\\Student_Management_API\\src\\api\\v1\\validation\\studentValidation.ts","statementMap":{"0":{"start":{"line":1,"column":0},"end":{"line":1,"column":22}},"1":{"start":{"line":3,"column":22},"end":{"line":9,"column":2}},"2":{"start":{"line":11,"column":28},"end":{"line":17,"column":9}},"3":{"start":{"line":19,"column":31},"end":{"line":22,"column":1}},"4":{"start":{"line":20,"column":20},"end":{"line":20,"column":48}},"5":{"start":{"line":21,"column":2},"end":{"line":21,"column":49}},"6":{"start":{"line":19,"column":13},"end":{"line":19,"column":31}},"7":{"start":{"line":24,"column":37},"end":{"line":27,"column":1}},"8":{"start":{"line":25,"column":20},"end":{"line":25,"column":54}},"9":{"start":{"line":26,"column":2},"end":{"line":26,"column":49}},"10":{"start":{"line":24,"column":13},"end":{"line":24,"column":37}}},"fnMap":{"0":{"name":"(anonymous_1)","decl":{"start":{"line":19,"column":31},"end":{"line":19,"column":32}},"loc":{"start":{"line":19,"column":64},"end":{"line":22,"column":1}}},"1":{"name":"(anonymous_2)","decl":{"start":{"line":24,"column":37},"end":{"line":24,"column":38}},"loc":{"start":{"line":24,"column":70},"end":{"line":27,"column":1}}}},"branchMap":{"0":{"loc":{"start":{"line":21,"column":9},"end":{"line":21,"column":48}},"type":"cond-expr","locations":[{"start":{"line":21,"column":17},"end":{"line":21,"column":41}},{"start":{"line":21,"column":44},"end":{"line":21,"column":48}}]},"1":{"loc":{"start":{"line":26,"column":9},"end":{"line":26,"column":48}},"type":"cond-expr","locations":[{"start":{"line":26,"column":17},"end":{"line":26,"column":41}},{"start":{"line":26,"column":44},"end":{"line":26,"column":48}}]}},"s":{"0":5,"1":5,"2":5,"3":5,"4":0,"5":0,"6":5,"7":5,"8":0,"9":0,"10":5},"f":{"0":0,"1":0},"b":{"0":[0,0],"1":[0,0]}}
,"C:\\Users\\ks639\\OneDrive - Red River College Polytech\\documents\\rrc_polytech\\Term3\\Back_end\\Project\\Student_Management_API\\src\\config\\firebase.ts": {"path":"C:\\Users\\ks639\\OneDrive - Red River College Polytech\\documents\\rrc_polytech\\Term3\\Back_end\\Project\\Student_Management_API\\src\\config\\firebase.ts","statementMap":{"0":{"start":{"line":1,"column":0},"end":{"line":1,"column":35}},"1":{"start":{"line":2,"column":0},"end":{"line":2,"column":66}},"2":{"start":{"line":4,"column":0},"end":{"line":8,"column":1}},"3":{"start":{"line":5,"column":2},"end":{"line":7,"column":5}},"4":{"start":{"line":10,"column":13},"end":{"line":10,"column":36}}},"fnMap":{},"branchMap":{"0":{"loc":{"start":{"line":4,"column":0},"end":{"line":8,"column":1}},"type":"if","locations":[{"start":{"line":4,"column":0},"end":{"line":8,"column":1}},{"start":{},"end":{}}]}},"s":{"0":5,"1":5,"2":5,"3":5,"4":5},"f":{},"b":{"0":[5,0]}}
,"C:\\Users\\ks639\\OneDrive - Red River College Polytech\\documents\\rrc_polytech\\Term3\\Back_end\\Project\\Student_Management_API\\src\\config\\swagger.ts": {"path":"C:\\Users\\ks639\\OneDrive - Red River College Polytech\\documents\\rrc_polytech\\Term3\\Back_end\\Project\\Student_Management_API\\src\\config\\swagger.ts","statementMap":{"0":{"start":{"line":1,"column":0},"end":{"line":1,"column":41}},"1":{"start":{"line":3,"column":38},"end":{"line":28,"column":2}},"2":{"start":{"line":30,"column":13},"end":{"line":30,"column":49}}},"fnMap":{},"branchMap":{},"s":{"0":5,"1":5,"2":5},"f":{},"b":{}}
,"C:\\Users\\ks639\\OneDrive - Red River College Polytech\\documents\\rrc_polytech\\Term3\\Back_end\\Project\\Student_Management_API\\src\\constants\\httpConstants.ts": {"path":"C:\\Users\\ks639\\OneDrive - Red River College Polytech\\documents\\rrc_polytech\\Term3\\Back_end\\Project\\Student_Management_API\\src\\constants\\httpConstants.ts","statementMap":{"0":{"start":{"line":1,"column":13},"end":{"line":9,"column":2}}},"fnMap":{},"branchMap":{},"s":{"0":5},"f":{},"b":{}}
,"C:\\Users\\ks639\\OneDrive - Red River College Polytech\\documents\\rrc_polytech\\Term3\\Back_end\\Project\\Student_Management_API\\src\\middleware\\authMiddleware.ts": {"path":"C:\\Users\\ks639\\OneDrive - Red River College Polytech\\documents\\rrc_polytech\\Term3\\Back_end\\Project\\Student_Management_API\\src\\middleware\\authMiddleware.ts","statementMap":{"0":{"start":{"line":2,"column":0},"end":{"line":2,"column":43}},"1":{"start":{"line":4,"column":28},"end":{"line":32,"column":1}},"2":{"start":{"line":9,"column":21},"end":{"line":9,"column":46}},"3":{"start":{"line":11,"column":2},"end":{"line":16,"column":3}},"4":{"start":{"line":12,"column":4},"end":{"line":15,"column":7}},"5":{"start":{"line":18,"column":2},"end":{"line":31,"column":3}},"6":{"start":{"line":19,"column":18},"end":{"line":19,"column":42}},"7":{"start":{"line":20,"column":20},"end":{"line":20,"column":38}},"8":{"start":{"line":22,"column":4},"end":{"line":22,"column":30}},"9":{"start":{"line":23,"column":4},"end":{"line":23,"column":39}},"10":{"start":{"line":25,"column":4},"end":{"line":25,"column":11}},"11":{"start":{"line":27,"column":4},"end":{"line":30,"column":7}},"12":{"start":{"line":4,"column":13},"end":{"line":4,"column":28}},"13":{"start":{"line":34,"column":30},"end":{"line":48,"column":1}},"14":{"start":{"line":39,"column":2},"end":{"line":45,"column":3}},"15":{"start":{"line":40,"column":4},"end":{"line":43,"column":7}},"16":{"start":{"line":47,"column":2},"end":{"line":47,"column":9}},"17":{"start":{"line":34,"column":13},"end":{"line":34,"column":30}}},"fnMap":{"0":{"name":"(anonymous_0)","decl":{"start":{"line":4,"column":28},"end":{"line":4,"column":null}},"loc":{"start":{"line":8,"column":4},"end":{"line":32,"column":1}}},"1":{"name":"(anonymous_1)","decl":{"start":{"line":34,"column":30},"end":{"line":34,"column":null}},"loc":{"start":{"line":38,"column":4},"end":{"line":48,"column":1}}}},"branchMap":{"0":{"loc":{"start":{"line":11,"column":2},"end":{"line":16,"column":3}},"type":"if","locations":[{"start":{"line":11,"column":2},"end":{"line":16,"column":3}},{"start":{},"end":{}}]},"1":{"loc":{"start":{"line":11,"column":6},"end":{"line":11,"column":54}},"type":"binary-expr","locations":[{"start":{"line":11,"column":6},"end":{"line":11,"column":17}},{"start":{"line":11,"column":21},"end":{"line":11,"column":54}}]},"2":{"loc":{"start":{"line":39,"column":2},"end":{"line":45,"column":3}},"type":"if","locations":[{"start":{"line":39,"column":2},"end":{"line":45,"column":3}},{"start":{},"end":{}}]}},"s":{"0":5,"1":5,"2":3,"3":3,"4":0,"5":3,"6":3,"7":3,"8":0,"9":0,"10":0,"11":3,"12":5,"13":5,"14":0,"15":0,"16":0,"17":5},"f":{"0":3,"1":0},"b":{"0":[0,3],"1":[3,3],"2":[0,0]}}
,"C:\\Users\\ks639\\OneDrive - Red River College Polytech\\documents\\rrc_polytech\\Term3\\Back_end\\Project\\Student_Management_API\\src\\middleware\\errorMiddleware.ts": {"path":"C:\\Users\\ks639\\OneDrive - Red River College Polytech\\documents\\rrc_polytech\\Term3\\Back_end\\Project\\Student_Management_API\\src\\middleware\\errorMiddleware.ts","statementMap":{"0":{"start":{"line":2,"column":0},"end":{"line":2,"column":50}},"1":{"start":{"line":4,"column":28},"end":{"line":14,"column":1}},"2":{"start":{"line":10,"column":2},"end":{"line":13,"column":5}},"3":{"start":{"line":4,"column":13},"end":{"line":4,"column":28}}},"fnMap":{"0":{"name":"(anonymous_0)","decl":{"start":{"line":4,"column":28},"end":{"line":4,"column":null}},"loc":{"start":{"line":9,"column":10},"end":{"line":14,"column":1}}}},"branchMap":{"0":{"loc":{"start":{"line":12,"column":13},"end":{"line":12,"column":53}},"type":"binary-expr","locations":[{"start":{"line":12,"column":13},"end":{"line":12,"column":26}},{"start":{"line":12,"column":30},"end":{"line":12,"column":53}}]}},"s":{"0":5,"1":5,"2":0,"3":5},"f":{"0":0},"b":{"0":[0,0]}}
,"C:\\Users\\ks639\\OneDrive - Red River College Polytech\\documents\\rrc_polytech\\Term3\\Back_end\\Project\\Student_Management_API\\src\\utils\\jwt.ts": {"path":"C:\\Users\\ks639\\OneDrive - Red River College Polytech\\documents\\rrc_polytech\\Term3\\Back_end\\Project\\Student_Management_API\\src\\utils\\jwt.ts","statementMap":{"0":{"start":{"line":1,"column":0},"end":{"line":1,"column":31}},"1":{"start":{"line":11,"column":19},"end":{"line":11,"column":62}},"2":{"start":{"line":13,"column":29},"end":{"line":15,"column":1}},"3":{"start":{"line":14,"column":2},"end":{"line":14,"column":60}},"4":{"start":{"line":13,"column":13},"end":{"line":13,"column":29}},"5":{"start":{"line":17,"column":27},"end":{"line":19,"column":1}},"6":{"start":{"line":18,"column":2},"end":{"line":18,"column":53}},"7":{"start":{"line":17,"column":13},"end":{"line":17,"column":27}}},"fnMap":{"0":{"name":"(anonymous_1)","decl":{"start":{"line":13,"column":29},"end":{"line":13,"column":30}},"loc":{"start":{"line":13,"column":61},"end":{"line":15,"column":1}}},"1":{"name":"(anonymous_2)","decl":{"start":{"line":17,"column":27},"end":{"line":17,"column":28}},"loc":{"start":{"line":17,"column":57},"end":{"line":19,"column":1}}}},"branchMap":{"0":{"loc":{"start":{"line":11,"column":19},"end":{"line":11,"column":62}},"type":"binary-expr","locations":[{"start":{"line":11,"column":19},"end":{"line":11,"column":41}},{"start":{"line":11,"column":45},"end":{"line":11,"column":62}}]}},"s":{"0":5,"1":5,"2":5,"3":3,"4":5,"5":5,"6":3,"7":5},"f":{"0":3,"1":3},"b":{"0":[5,5]}}
}
