TN:
SF:src\app.ts
FN:28,(anonymous_1)
FNF:1
FNH:0
FNDA:0,(anonymous_1)
DA:1,5
DA:2,5
DA:3,5
DA:4,5
DA:6,5
DA:7,5
DA:8,5
DA:9,5
DA:10,5
DA:11,5
DA:12,5
DA:14,5
DA:16,5
DA:17,5
DA:18,5
DA:20,5
DA:22,5
DA:23,5
DA:24,5
DA:25,5
DA:26,5
DA:28,5
DA:29,0
DA:35,5
DA:37,5
LF:25
LH:24
BRF:0
BRH:0
end_of_record
TN:
SF:src\api\v1\controllers\authController.ts
FN:4,(anonymous_7)
FN:4,(anonymous_8)
FN:23,(anonymous_9)
FN:23,(anonymous_10)
FNF:4
FNH:4
FNDA:8,(anonymous_7)
FNDA:8,(anonymous_8)
FNDA:8,(anonymous_9)
FNDA:8,(anonymous_10)
DA:2,5
DA:4,8
DA:5,8
DA:6,8
DA:8,8
DA:10,8
DA:16,0
DA:23,8
DA:24,8
DA:25,8
DA:27,8
DA:29,7
DA:35,1
LF:13
LH:12
BRDA:18,0,0,0
BRDA:18,0,1,0
BRDA:37,1,0,1
BRDA:37,1,1,0
BRF:4
BRH:1
end_of_record
TN:
SF:src\api\v1\controllers\courseController.ts
FN:16,(anonymous_0)
FN:26,(anonymous_1)
FN:46,(anonymous_2)
FN:80,(anonymous_3)
FN:110,(anonymous_4)
FNF:5
FNH:2
FNDA:1,(anonymous_0)
FNDA:0,(anonymous_1)
FNDA:5,(anonymous_2)
FNDA:0,(anonymous_3)
FNDA:0,(anonymous_4)
DA:2,5
DA:3,5
DA:11,5
DA:16,5
DA:17,1
DA:19,1
DA:26,5
DA:27,0
DA:28,0
DA:29,0
DA:31,0
DA:32,0
DA:36,0
DA:39,0
DA:46,5
DA:47,5
DA:49,5
DA:50,0
DA:54,0
DA:57,5
DA:58,5
DA:65,5
DA:67,5
DA:73,0
DA:80,5
DA:81,0
DA:82,0
DA:83,0
DA:85,0
DA:86,0
DA:90,0
DA:93,0
DA:95,0
DA:96,0
DA:100,0
DA:103,0
DA:110,5
DA:111,0
DA:112,0
DA:113,0
DA:115,0
DA:116,0
DA:120,0
DA:123,0
LF:44
LH:16
BRDA:28,0,0,0
BRDA:28,0,1,0
BRDA:31,1,0,0
BRDA:31,1,1,0
BRDA:49,2,0,0
BRDA:49,2,1,5
BRDA:75,3,0,0
BRDA:75,3,1,0
BRDA:82,4,0,0
BRDA:82,4,1,0
BRDA:85,5,0,0
BRDA:85,5,1,0
BRDA:95,6,0,0
BRDA:95,6,1,0
BRDA:112,7,0,0
BRDA:112,7,1,0
BRDA:115,8,0,0
BRDA:115,8,1,0
BRF:18
BRH:1
end_of_record
TN:
SF:src\api\v1\controllers\enrollmentController.ts
FN:12,(anonymous_0)
FN:22,(anonymous_1)
FN:45,(anonymous_2)
FN:79,(anonymous_3)
FNF:4
FNH:1
FNDA:1,(anonymous_0)
FNDA:0,(anonymous_1)
FNDA:0,(anonymous_2)
FNDA:0,(anonymous_3)
DA:2,5
DA:3,5
DA:10,5
DA:12,5
DA:13,1
DA:15,1
DA:22,5
DA:26,0
DA:27,0
DA:28,0
DA:30,0
DA:31,0
DA:35,0
DA:38,0
DA:45,5
DA:46,0
DA:48,0
DA:49,0
DA:53,0
DA:56,0
DA:57,0
DA:64,0
DA:66,0
DA:72,0
DA:79,5
DA:83,0
DA:84,0
DA:85,0
DA:87,0
DA:88,0
DA:92,0
DA:95,0
LF:32
LH:9
BRDA:27,0,0,0
BRDA:27,0,1,0
BRDA:30,1,0,0
BRDA:30,1,1,0
BRDA:48,2,0,0
BRDA:48,2,1,0
BRDA:74,3,0,0
BRDA:74,3,1,0
BRDA:84,4,0,0
BRDA:84,4,1,0
BRDA:87,5,0,0
BRDA:87,5,1,0
BRF:12
BRH:0
end_of_record
TN:
SF:src\api\v1\controllers\studentController.ts
FN:16,(anonymous_7)
FN:19,(anonymous_8)
FN:46,(anonymous_9)
FN:49,(anonymous_10)
FN:68,(anonymous_11)
FN:71,(anonymous_12)
FN:105,(anonymous_13)
FN:108,(anonymous_14)
FN:145,(anonymous_15)
FN:148,(anonymous_16)
FNF:10
FNH:10
FNDA:2,(anonymous_7)
FNDA:2,(anonymous_8)
FNDA:2,(anonymous_9)
FNDA:2,(anonymous_10)
FNDA:12,(anonymous_11)
FNDA:12,(anonymous_12)
FNDA:2,(anonymous_13)
FNDA:2,(anonymous_14)
FNDA:1,(anonymous_15)
FNDA:1,(anonymous_16)
DA:2,5
DA:3,5
DA:7,5
DA:16,5
DA:19,2
DA:20,2
DA:37,2
DA:39,2
DA:46,5
DA:49,2
DA:50,2
DA:51,2
DA:53,2
DA:54,1
DA:58,1
DA:61,1
DA:68,5
DA:71,12
DA:72,12
DA:74,12
DA:75,1
DA:79,1
DA:82,11
DA:83,11
DA:91,8
DA:97,3
DA:105,5
DA:108,2
DA:109,2
DA:110,2
DA:112,2
DA:113,1
DA:117,1
DA:120,1
DA:121,1
DA:123,1
DA:124,0
DA:128,0
DA:131,1
DA:137,0
DA:145,5
DA:148,1
DA:149,1
DA:150,1
DA:152,1
DA:153,0
DA:157,0
DA:160,1
LF:48
LH:43
BRDA:22,0,0,0
BRDA:22,0,1,2
BRDA:24,1,0,1
BRDA:24,1,1,1
BRDA:26,2,0,0
BRDA:26,2,1,2
BRDA:28,3,0,0
BRDA:28,3,1,2
BRDA:32,4,0,0
BRDA:32,4,1,2
BRDA:53,5,0,1
BRDA:53,5,1,1
BRDA:74,6,0,1
BRDA:74,6,1,11
BRDA:100,7,0,3
BRDA:100,7,1,0
BRDA:112,8,0,1
BRDA:112,8,1,1
BRDA:123,9,0,0
BRDA:123,9,1,1
BRDA:140,10,0,0
BRDA:140,10,1,0
BRDA:152,11,0,0
BRDA:152,11,1,1
BRF:24
BRH:15
end_of_record
TN:
SF:src\api\v1\repositories\courseRepository.ts
FN:5,(anonymous_0)
FN:7,(anonymous_1)
FN:8,(anonymous_2)
FN:10,(anonymous_3)
FN:15,(anonymous_4)
FN:19,(anonymous_5)
FN:29,(anonymous_6)
FN:31,(anonymous_7)
FN:35,(anonymous_8)
FNF:9
FNH:3
FNDA:6,(anonymous_0)
FNDA:0,(anonymous_1)
FNDA:0,(anonymous_2)
FNDA:5,(anonymous_3)
FNDA:0,(anonymous_4)
FNDA:0,(anonymous_5)
FNDA:0,(anonymous_6)
FNDA:0,(anonymous_7)
FNDA:6,(anonymous_8)
DA:3,5
DA:5,6
DA:7,5
DA:8,0
DA:10,5
DA:11,5
DA:12,5
DA:15,5
DA:19,0
DA:21,0
DA:22,0
DA:25,0
DA:26,0
DA:29,5
DA:30,0
DA:31,0
DA:32,0
DA:35,5
DA:36,6
LF:19
LH:10
BRDA:21,0,0,0
BRDA:21,0,1,0
BRF:2
BRH:0
end_of_record
TN:
SF:src\api\v1\repositories\enrollmentRepository.ts
FN:5,(anonymous_0)
FN:7,(anonymous_1)
FN:8,(anonymous_2)
FN:10,(anonymous_3)
FN:15,(anonymous_4)
FN:17,(anonymous_5)
FN:21,(anonymous_6)
FNF:7
FNH:2
FNDA:1,(anonymous_0)
FNDA:0,(anonymous_1)
FNDA:0,(anonymous_2)
FNDA:0,(anonymous_3)
FNDA:0,(anonymous_4)
FNDA:0,(anonymous_5)
FNDA:4,(anonymous_6)
DA:3,5
DA:5,5
DA:7,5
DA:8,0
DA:10,5
DA:11,0
DA:12,0
DA:15,5
DA:16,0
DA:17,0
DA:18,0
DA:21,5
DA:22,4
LF:13
LH:7
BRF:0
BRH:0
end_of_record
TN:
SF:src\api\v1\repositories\studentRepository.ts
FN:6,(anonymous_7)
FN:6,(anonymous_8)
FN:9,(anonymous_9)
FN:15,(anonymous_10)
FN:17,(anonymous_11)
FN:30,(anonymous_12)
FN:32,(anonymous_13)
FN:41,(anonymous_14)
FN:44,(anonymous_15)
FN:62,(anonymous_16)
FN:62,(anonymous_17)
FN:74,(anonymous_18)
FN:74,(anonymous_19)
FN:79,(anonymous_20)
FNF:14
FNH:14
FNDA:13,(anonymous_7)
FNDA:13,(anonymous_8)
FNDA:7,(anonymous_9)
FNDA:3,(anonymous_10)
FNDA:3,(anonymous_11)
FNDA:8,(anonymous_12)
FNDA:8,(anonymous_13)
FNDA:1,(anonymous_14)
FNDA:1,(anonymous_15)
FNDA:1,(anonymous_16)
FNDA:1,(anonymous_17)
FNDA:15,(anonymous_18)
FNDA:15,(anonymous_19)
FNDA:11,(anonymous_20)
DA:1,5
DA:4,5
DA:6,13
DA:7,13
DA:9,13
DA:15,5
DA:17,3
DA:18,3
DA:20,3
DA:21,1
DA:24,2
DA:30,5
DA:32,8
DA:33,8
DA:35,8
DA:41,5
DA:44,1
DA:45,1
DA:46,1
DA:48,1
DA:49,0
DA:52,1
DA:54,1
DA:56,1
DA:62,5
DA:63,1
DA:64,1
DA:66,1
DA:67,0
DA:70,1
DA:71,1
DA:74,15
DA:75,15
DA:77,15
DA:79,15
DA:80,11
DA:83,15
LF:37
LH:35
BRDA:20,0,0,1
BRDA:20,0,1,2
BRDA:48,1,0,0
BRDA:48,1,1,1
BRDA:66,2,0,0
BRDA:66,2,1,1
BRF:6
BRH:4
end_of_record
TN:
SF:src\api\v1\routes\authRoute.ts
FNF:0
FNH:0
DA:1,5
DA:2,5
DA:4,5
DA:20,5
DA:29,5
DA:31,5
LF:6
LH:6
BRF:0
BRH:0
end_of_record
TN:
SF:src\api\v1\routes\courseRoutes.ts
FNF:0
FNH:0
DA:1,5
DA:2,5
DA:9,5
DA:11,5
DA:19,5
DA:20,5
DA:21,5
DA:22,5
DA:23,5
DA:25,5
LF:10
LH:10
BRF:0
BRH:0
end_of_record
TN:
SF:src\api\v1\routes\enrollmentRoutes.ts
FNF:0
FNH:0
DA:1,5
DA:2,5
DA:8,5
DA:10,5
DA:18,5
DA:19,5
DA:20,5
DA:21,5
DA:23,5
LF:9
LH:9
BRF:0
BRH:0
end_of_record
TN:
SF:src\api\v1\routes\healthRoutes.ts
FN:6,(anonymous_0)
FNF:1
FNH:1
FNDA:1,(anonymous_0)
DA:1,5
DA:2,5
DA:4,5
DA:6,5
DA:7,1
DA:13,5
LF:6
LH:6
BRF:0
BRH:0
end_of_record
TN:
SF:src\api\v1\routes\studentRoutes.ts
FNF:0
FNH:0
DA:1,5
DA:2,5
DA:9,5
DA:11,5
DA:14,5
DA:17,5
DA:20,5
DA:23,5
DA:26,5
DA:28,5
LF:10
LH:10
BRF:0
BRH:0
end_of_record
TN:
SF:src\api\v1\services\authService.ts
FN:22,(anonymous_8)
FN:26,(anonymous_9)
FN:27,(anonymous_10)
FN:51,(anonymous_11)
FN:51,(anonymous_12)
FN:52,(anonymous_13)
FNF:6
FNH:6
FNDA:8,(anonymous_8)
FNDA:8,(anonymous_9)
FNDA:12,(anonymous_10)
FNDA:8,(anonymous_11)
FNDA:8,(anonymous_12)
FNDA:17,(anonymous_13)
DA:1,5
DA:2,5
DA:13,5
DA:22,5
DA:26,8
DA:27,12
DA:29,8
DA:30,0
DA:33,8
DA:35,8
DA:42,8
DA:44,8
DA:51,8
DA:52,17
DA:54,8
DA:55,1
DA:58,7
DA:60,7
DA:61,0
DA:64,7
DA:70,7
LF:21
LH:19
BRDA:29,0,0,0
BRDA:29,0,1,8
BRDA:54,1,0,1
BRDA:54,1,1,7
BRDA:60,2,0,0
BRDA:60,2,1,7
BRF:6
BRH:4
end_of_record
TN:
SF:src\api\v1\services\courseServices.ts
FN:11,(anonymous_0)
FN:13,(anonymous_1)
FN:16,(anonymous_2)
FN:18,(anonymous_3)
FN:28,(anonymous_4)
FN:35,(anonymous_5)
FN:37,(anonymous_6)
FNF:7
FNH:3
FNDA:1,(anonymous_0)
FNDA:0,(anonymous_1)
FNDA:5,(anonymous_2)
FNDA:0,(anonymous_3)
FNDA:0,(anonymous_4)
FNDA:0,(anonymous_5)
FNDA:6,(anonymous_6)
DA:2,5
DA:11,5
DA:13,5
DA:14,0
DA:16,5
DA:17,5
DA:18,0
DA:21,5
DA:22,0
DA:25,5
DA:28,5
DA:32,0
DA:35,5
DA:37,6
LF:14
LH:10
BRDA:21,0,0,0
BRDA:21,0,1,5
BRF:2
BRH:1
end_of_record
TN:
SF:src\api\v1\services\enrollmentService.ts
FN:12,(anonymous_0)
FN:14,(anonymous_1)
FN:17,(anonymous_2)
FN:32,(anonymous_3)
FN:34,(anonymous_4)
FNF:5
FNH:2
FNDA:1,(anonymous_0)
FNDA:0,(anonymous_1)
FNDA:0,(anonymous_2)
FNDA:0,(anonymous_3)
FNDA:4,(anonymous_4)
DA:2,5
DA:9,5
DA:10,5
DA:12,5
DA:14,5
DA:15,0
DA:17,5
DA:18,0
DA:19,0
DA:21,0
DA:22,0
DA:25,0
DA:26,0
DA:29,0
DA:32,5
DA:34,5
LF:16
LH:8
BRDA:21,0,0,0
BRDA:21,0,1,0
BRDA:25,1,0,0
BRDA:25,1,1,0
BRF:4
BRH:0
end_of_record
TN:
SF:src\api\v1\services\studentServices.ts
FN:11,(anonymous_7)
FN:13,(anonymous_8)
FN:18,(anonymous_9)
FN:25,(anonymous_10)
FN:32,(anonymous_11)
FN:40,(anonymous_12)
FN:53,(anonymous_13)
FN:55,(anonymous_14)
FN:59,(anonymous_15)
FN:61,(anonymous_16)
FN:63,(anonymous_17)
FN:74,(anonymous_18)
FN:77,(anonymous_19)
FN:88,(anonymous_20)
FN:99,(anonymous_21)
FN:99,(anonymous_22)
FN:103,(anonymous_23)
FN:103,(anonymous_24)
FNF:18
FNH:14
FNDA:2,(anonymous_7)
FNDA:2,(anonymous_8)
FNDA:0,(anonymous_9)
FNDA:2,(anonymous_10)
FNDA:0,(anonymous_11)
FNDA:0,(anonymous_12)
FNDA:2,(anonymous_13)
FNDA:2,(anonymous_14)
FNDA:11,(anonymous_15)
FNDA:11,(anonymous_16)
FNDA:4,(anonymous_17)
FNDA:1,(anonymous_18)
FNDA:1,(anonymous_19)
FNDA:0,(anonymous_20)
FNDA:1,(anonymous_21)
FNDA:1,(anonymous_22)
FNDA:15,(anonymous_23)
FNDA:15,(anonymous_24)
DA:2,5
DA:11,5
DA:13,2
DA:14,2
DA:16,2
DA:17,0
DA:18,0
DA:19,0
DA:23,2
DA:24,1
DA:25,1
DA:26,2
DA:30,2
DA:31,0
DA:32,0
DA:36,2
DA:37,0
DA:38,0
DA:40,0
DA:41,0
DA:42,0
DA:44,0
DA:45,0
DA:46,0
DA:50,2
DA:53,5
DA:55,2
DA:56,2
DA:59,5
DA:61,11
DA:62,11
DA:64,4
DA:67,11
DA:68,3
DA:71,8
DA:74,5
DA:77,1
DA:78,1
DA:80,1
DA:81,0
DA:84,1
DA:85,0
DA:87,0
DA:88,0
DA:91,0
DA:92,0
DA:96,1
DA:99,5
DA:100,1
DA:103,15
DA:104,15
LF:51
LH:32
BRDA:16,0,0,0
BRDA:16,0,1,2
BRDA:16,1,0,0
BRDA:16,1,1,2
BRDA:16,2,0,2
BRDA:16,2,1,2
BRDA:23,3,0,1
BRDA:23,3,1,1
BRDA:23,4,0,0
BRDA:23,4,1,2
BRDA:23,5,0,2
BRDA:23,5,1,2
BRDA:30,6,0,0
BRDA:30,6,1,2
BRDA:30,7,0,0
BRDA:30,7,1,2
BRDA:30,8,0,2
BRDA:30,8,1,2
BRDA:36,9,0,0
BRDA:36,9,1,2
BRDA:36,10,0,0
BRDA:36,10,1,2
BRDA:36,11,0,2
BRDA:36,11,1,2
BRDA:38,12,0,0
BRDA:38,12,1,0
BRDA:44,13,0,0
BRDA:44,13,1,0
BRDA:45,14,0,0
BRDA:45,14,1,0
BRDA:67,15,0,3
BRDA:67,15,1,8
BRDA:80,16,0,0
BRDA:80,16,1,1
BRDA:84,17,0,0
BRDA:84,17,1,1
BRDA:88,18,0,0
BRDA:88,18,1,0
BRDA:91,19,0,0
BRDA:91,19,1,0
BRF:40
BRH:21
end_of_record
TN:
SF:src\api\v1\validation\courseValidation.ts
FN:15,(anonymous_1)
FN:20,(anonymous_2)
FNF:2
FNH:1
FNDA:5,(anonymous_1)
FNDA:0,(anonymous_2)
DA:1,5
DA:3,5
DA:9,5
DA:15,5
DA:16,5
DA:17,5
DA:20,5
DA:21,0
DA:22,0
LF:9
LH:7
BRDA:17,0,0,0
BRDA:17,0,1,5
BRDA:22,1,0,0
BRDA:22,1,1,0
BRF:4
BRH:1
end_of_record
TN:
SF:src\api\v1\validation\enrollmentValidation.ts
FN:9,(anonymous_1)
FNF:1
FNH:0
FNDA:0,(anonymous_1)
DA:1,5
DA:3,5
DA:9,5
DA:10,0
DA:11,0
LF:5
LH:3
BRDA:11,0,0,0
BRDA:11,0,1,0
BRF:2
BRH:0
end_of_record
TN:
SF:src\api\v1\validation\studentValidation.ts
FN:19,(anonymous_1)
FN:24,(anonymous_2)
FNF:2
FNH:2
FNDA:12,(anonymous_1)
FNDA:2,(anonymous_2)
DA:1,5
DA:3,5
DA:11,5
DA:19,5
DA:20,12
DA:21,12
DA:24,5
DA:25,2
DA:26,2
LF:9
LH:9
BRDA:21,0,0,1
BRDA:21,0,1,11
BRDA:26,1,0,1
BRDA:26,1,1,1
BRF:4
BRH:4
end_of_record
TN:
SF:src\config\firebase.ts
FNF:0
FNH:0
DA:1,5
DA:2,5
DA:4,5
DA:5,5
DA:10,5
LF:5
LH:5
BRDA:4,0,0,5
BRDA:4,0,1,0
BRF:2
BRH:1
end_of_record
TN:
SF:src\config\swagger.ts
FNF:0
FNH:0
DA:1,5
DA:3,5
DA:30,5
LF:3
LH:3
BRF:0
BRH:0
end_of_record
TN:
SF:src\constants\httpConstants.ts
FNF:0
FNH:0
DA:1,5
LF:1
LH:1
BRF:0
BRH:0
end_of_record
TN:
SF:src\middleware\authMiddleware.ts
FN:4,(anonymous_0)
FN:34,(anonymous_1)
FNF:2
FNH:2
FNDA:28,(anonymous_0)
FNDA:21,(anonymous_1)
DA:2,5
DA:4,5
DA:9,28
DA:11,28
DA:12,1
DA:18,27
DA:19,27
DA:20,27
DA:22,27
DA:23,27
DA:25,27
DA:27,0
DA:34,5
DA:39,21
DA:40,1
DA:47,20
LF:16
LH:15
BRDA:11,0,0,1
BRDA:11,0,1,27
BRDA:11,1,0,28
BRDA:11,1,1,27
BRDA:39,2,0,1
BRDA:39,2,1,20
BRF:6
BRH:6
end_of_record
TN:
SF:src\middleware\errorMiddleware.ts
FN:4,(anonymous_0)
FNF:1
FNH:0
FNDA:0,(anonymous_0)
DA:2,5
DA:4,5
DA:10,0
LF:3
LH:2
BRDA:12,0,0,0
BRDA:12,0,1,0
BRF:2
BRH:0
end_of_record
TN:
SF:src\utils\jwt.ts
FN:13,(anonymous_1)
FN:17,(anonymous_2)
FNF:2
FNH:2
FNDA:7,(anonymous_1)
FNDA:27,(anonymous_2)
DA:1,5
DA:11,5
DA:13,5
DA:14,7
DA:17,5
DA:18,27
LF:6
LH:6
BRDA:11,0,0,5
BRDA:11,0,1,5
BRF:2
BRH:2
end_of_record
